[0.738s] Invoking command in '/home/samugc/mobile_robotics_rpi4/build/mobile_robotics': CMAKE_PREFIX_PATH=${CMAKE_PREFIX_PATH}:/home/samugc/Ros2-2025-01-mobile-robotics/install/joy_tester:/home/samugc/ros2_ws_2501/install/test_pkg:/home/samugc/ros2_ws_2501/install/ldr_pkg:/home/samugc/ros2_ws_2501/install/joy_tester:/home/samugc/ros2_ws/install/my_robot_controller:/opt/ros/humble /usr/bin/cmake --build /home/samugc/mobile_robotics_rpi4/build/mobile_robotics -- -j4 -l4
[0.808s] [35m[1mConsolidate compiler generated dependencies of target comand_joy[0m
[0.821s] [35m[1mConsolidate compiler generated dependencies of target AEBS_node[0m
[0.875s] [ 50%] Built target AEBS_node
[0.875s] [100%] Built target comand_joy
[0.909s] Invoked command in '/home/samugc/mobile_robotics_rpi4/build/mobile_robotics' returned '0': CMAKE_PREFIX_PATH=${CMAKE_PREFIX_PATH}:/home/samugc/Ros2-2025-01-mobile-robotics/install/joy_tester:/home/samugc/ros2_ws_2501/install/test_pkg:/home/samugc/ros2_ws_2501/install/ldr_pkg:/home/samugc/ros2_ws_2501/install/joy_tester:/home/samugc/ros2_ws/install/my_robot_controller:/opt/ros/humble /usr/bin/cmake --build /home/samugc/mobile_robotics_rpi4/build/mobile_robotics -- -j4 -l4
[0.932s] Invoking command in '/home/samugc/mobile_robotics_rpi4/build/mobile_robotics': CMAKE_PREFIX_PATH=${CMAKE_PREFIX_PATH}:/home/samugc/Ros2-2025-01-mobile-robotics/install/joy_tester:/home/samugc/ros2_ws_2501/install/test_pkg:/home/samugc/ros2_ws_2501/install/ldr_pkg:/home/samugc/ros2_ws_2501/install/joy_tester:/home/samugc/ros2_ws/install/my_robot_controller:/opt/ros/humble /usr/bin/cmake --install /home/samugc/mobile_robotics_rpi4/build/mobile_robotics
[0.947s] -- Install configuration: ""
[0.948s] -- Execute custom install script
[0.949s] -- Up-to-date symlink: /home/samugc/mobile_robotics_rpi4/install/mobile_robotics/lib/mobile_robotics/comand_joy
[0.949s] -- Up-to-date symlink: /home/samugc/mobile_robotics_rpi4/install/mobile_robotics/lib/mobile_robotics/AEBS_node
[0.950s] -- Up-to-date symlink: /home/samugc/mobile_robotics_rpi4/install/mobile_robotics/share/mobile_robotics//config/joystick.yaml
[0.951s] -- Up-to-date symlink: /home/samugc/mobile_robotics_rpi4/install/mobile_robotics/share/mobile_robotics//config/twist_mux2.yaml
[0.952s] -- Up-to-date symlink: /home/samugc/mobile_robotics_rpi4/install/mobile_robotics/share/mobile_robotics//launch/car_launch.launch.py
[0.952s] -- Up-to-date symlink: /home/samugc/mobile_robotics_rpi4/install/mobile_robotics/share/ament_index/resource_index/package_run_dependencies/mobile_robotics
[0.953s] -- Up-to-date symlink: /home/samugc/mobile_robotics_rpi4/install/mobile_robotics/share/ament_index/resource_index/parent_prefix_path/mobile_robotics
[0.954s] -- Up-to-date symlink: /home/samugc/mobile_robotics_rpi4/install/mobile_robotics/share/mobile_robotics/environment/ament_prefix_path.sh
[0.955s] -- Up-to-date symlink: /home/samugc/mobile_robotics_rpi4/install/mobile_robotics/share/mobile_robotics/environment/ament_prefix_path.dsv
[0.955s] -- Up-to-date symlink: /home/samugc/mobile_robotics_rpi4/install/mobile_robotics/share/mobile_robotics/environment/path.sh
[0.955s] -- Up-to-date symlink: /home/samugc/mobile_robotics_rpi4/install/mobile_robotics/share/mobile_robotics/environment/path.dsv
[0.960s] -- Up-to-date symlink: /home/samugc/mobile_robotics_rpi4/install/mobile_robotics/share/mobile_robotics/local_setup.bash
[0.961s] -- Up-to-date symlink: /home/samugc/mobile_robotics_rpi4/install/mobile_robotics/share/mobile_robotics/local_setup.sh
[0.961s] -- Up-to-date symlink: /home/samugc/mobile_robotics_rpi4/install/mobile_robotics/share/mobile_robotics/local_setup.zsh
[0.961s] -- Up-to-date symlink: /home/samugc/mobile_robotics_rpi4/install/mobile_robotics/share/mobile_robotics/local_setup.dsv
[0.961s] -- Symlinking: /home/samugc/mobile_robotics_rpi4/install/mobile_robotics/share/mobile_robotics/package.dsv
[0.970s] -- Up-to-date symlink: /home/samugc/mobile_robotics_rpi4/install/mobile_robotics/share/ament_index/resource_index/packages/mobile_robotics
[0.971s] -- Up-to-date symlink: /home/samugc/mobile_robotics_rpi4/install/mobile_robotics/share/mobile_robotics/cmake/mobile_roboticsConfig.cmake
[0.972s] -- Up-to-date symlink: /home/samugc/mobile_robotics_rpi4/install/mobile_robotics/share/mobile_robotics/cmake/mobile_roboticsConfig-version.cmake
[0.974s] -- Up-to-date symlink: /home/samugc/mobile_robotics_rpi4/install/mobile_robotics/share/mobile_robotics/package.xml
[0.983s] Invoked command in '/home/samugc/mobile_robotics_rpi4/build/mobile_robotics' returned '0': CMAKE_PREFIX_PATH=${CMAKE_PREFIX_PATH}:/home/samugc/Ros2-2025-01-mobile-robotics/install/joy_tester:/home/samugc/ros2_ws_2501/install/test_pkg:/home/samugc/ros2_ws_2501/install/ldr_pkg:/home/samugc/ros2_ws_2501/install/joy_tester:/home/samugc/ros2_ws/install/my_robot_controller:/opt/ros/humble /usr/bin/cmake --install /home/samugc/mobile_robotics_rpi4/build/mobile_robotics
