[0.137s] DEBUG:colcon:Command line arguments: ['/usr/bin/colcon', 'build', '--symlink-install']
[0.137s] DEBUG:colcon:Parsed command line arguments: Namespace(log_base=None, log_level=None, verb_name='build', build_base='build', install_base='install', merge_install=False, symlink_install=True, test_result_base=None, continue_on_error=False, executor='parallel', parallel_workers=4, event_handlers=None, ignore_user_meta=False, metas=['./colcon.meta'], base_paths=['.'], packages_ignore=None, packages_ignore_regex=None, paths=None, packages_up_to=None, packages_up_to_regex=None, packages_above=None, packages_above_and_dependencies=None, packages_above_depth=None, packages_select_by_dep=None, packages_skip_by_dep=None, packages_skip_up_to=None, packages_select_build_failed=False, packages_skip_build_finished=False, packages_select_test_failures=False, packages_skip_test_passed=False, packages_select=None, packages_skip=None, packages_select_regex=None, packages_skip_regex=None, packages_start=None, packages_end=None, allow_overriding=[], cmake_args=None, cmake_target=None, cmake_target_skip_unavailable=False, cmake_clean_cache=False, cmake_clean_first=False, cmake_force_configure=False, ament_cmake_args=None, catkin_cmake_args=None, catkin_skip_building_tests=False, mixin_files=None, mixin=None, verb_parser=<colcon_mixin.mixin.mixin_argument.MixinArgumentDecorator object at 0x794f970f3760>, verb_extension=<colcon_core.verb.build.BuildVerb object at 0x794f9723c640>, main=<bound method BuildVerb.main of <colcon_core.verb.build.BuildVerb object at 0x794f9723c640>>, mixin_verb=('build',))
[0.366s] Level 1:colcon.colcon_core.package_discovery:discover_packages(colcon_meta) check parameters
[0.366s] Level 1:colcon.colcon_core.package_discovery:discover_packages(recursive) check parameters
[0.366s] Level 1:colcon.colcon_core.package_discovery:discover_packages(ignore) check parameters
[0.366s] Level 1:colcon.colcon_core.package_discovery:discover_packages(path) check parameters
[0.366s] Level 1:colcon.colcon_core.package_discovery:discover_packages(colcon_meta) discover
[0.366s] Level 1:colcon.colcon_core.package_discovery:discover_packages(recursive) discover
[0.366s] INFO:colcon.colcon_core.package_discovery:Crawling recursively for packages in '/home/samugc/mobile_robotics_rpi4'
[0.366s] Level 1:colcon.colcon_core.package_identification:_identify(.) by extensions ['ignore', 'ignore_ament_install']
[0.385s] Level 1:colcon.colcon_core.package_identification:_identify(.) by extension 'ignore'
[0.386s] Level 1:colcon.colcon_core.package_identification:_identify(.) by extension 'ignore_ament_install'
[0.386s] Level 1:colcon.colcon_core.package_identification:_identify(.) by extensions ['colcon_pkg']
[0.386s] Level 1:colcon.colcon_core.package_identification:_identify(.) by extension 'colcon_pkg'
[0.386s] Level 1:colcon.colcon_core.package_identification:_identify(.) by extensions ['colcon_meta']
[0.386s] Level 1:colcon.colcon_core.package_identification:_identify(.) by extension 'colcon_meta'
[0.386s] Level 1:colcon.colcon_core.package_identification:_identify(.) by extensions ['ros']
[0.386s] Level 1:colcon.colcon_core.package_identification:_identify(.) by extension 'ros'
[0.409s] Level 1:colcon.colcon_core.package_identification:_identify(.) by extensions ['cmake', 'python']
[0.410s] Level 1:colcon.colcon_core.package_identification:_identify(.) by extension 'cmake'
[0.410s] Level 1:colcon.colcon_core.package_identification:_identify(.) by extension 'python'
[0.410s] Level 1:colcon.colcon_core.package_identification:_identify(.) by extensions ['python_setup_py']
[0.410s] Level 1:colcon.colcon_core.package_identification:_identify(.) by extension 'python_setup_py'
[0.410s] Level 1:colcon.colcon_core.package_identification:_identify(build) by extensions ['ignore', 'ignore_ament_install']
[0.410s] Level 1:colcon.colcon_core.package_identification:_identify(build) by extension 'ignore'
[0.410s] Level 1:colcon.colcon_core.package_identification:_identify(build) ignored
[0.410s] Level 1:colcon.colcon_core.package_identification:_identify(car_control) by extensions ['ignore', 'ignore_ament_install']
[0.410s] Level 1:colcon.colcon_core.package_identification:_identify(car_control) by extension 'ignore'
[0.410s] Level 1:colcon.colcon_core.package_identification:_identify(car_control) by extension 'ignore_ament_install'
[0.410s] Level 1:colcon.colcon_core.package_identification:_identify(car_control) by extensions ['colcon_pkg']
[0.410s] Level 1:colcon.colcon_core.package_identification:_identify(car_control) by extension 'colcon_pkg'
[0.410s] Level 1:colcon.colcon_core.package_identification:_identify(car_control) by extensions ['colcon_meta']
[0.410s] Level 1:colcon.colcon_core.package_identification:_identify(car_control) by extension 'colcon_meta'
[0.411s] Level 1:colcon.colcon_core.package_identification:_identify(car_control) by extensions ['ros']
[0.411s] Level 1:colcon.colcon_core.package_identification:_identify(car_control) by extension 'ros'
[0.413s] DEBUG:colcon.colcon_core.package_identification:Package 'car_control' with type 'ros.ament_python' and name 'car_control'
[0.413s] Level 1:colcon.colcon_core.package_identification:_identify(gap_following) by extensions ['ignore', 'ignore_ament_install']
[0.413s] Level 1:colcon.colcon_core.package_identification:_identify(gap_following) by extension 'ignore'
[0.414s] Level 1:colcon.colcon_core.package_identification:_identify(gap_following) by extension 'ignore_ament_install'
[0.414s] Level 1:colcon.colcon_core.package_identification:_identify(gap_following) by extensions ['colcon_pkg']
[0.414s] Level 1:colcon.colcon_core.package_identification:_identify(gap_following) by extension 'colcon_pkg'
[0.414s] Level 1:colcon.colcon_core.package_identification:_identify(gap_following) by extensions ['colcon_meta']
[0.414s] Level 1:colcon.colcon_core.package_identification:_identify(gap_following) by extension 'colcon_meta'
[0.414s] Level 1:colcon.colcon_core.package_identification:_identify(gap_following) by extensions ['ros']
[0.414s] Level 1:colcon.colcon_core.package_identification:_identify(gap_following) by extension 'ros'
[0.414s] DEBUG:colcon.colcon_core.package_identification:Package 'gap_following' with type 'ros.ament_python' and name 'gap_following'
[0.415s] Level 1:colcon.colcon_core.package_identification:_identify(install) by extensions ['ignore', 'ignore_ament_install']
[0.415s] Level 1:colcon.colcon_core.package_identification:_identify(install) by extension 'ignore'
[0.415s] Level 1:colcon.colcon_core.package_identification:_identify(install) ignored
[0.415s] Level 1:colcon.colcon_core.package_identification:_identify(log) by extensions ['ignore', 'ignore_ament_install']
[0.415s] Level 1:colcon.colcon_core.package_identification:_identify(log) by extension 'ignore'
[0.415s] Level 1:colcon.colcon_core.package_identification:_identify(log) ignored
[0.415s] Level 1:colcon.colcon_core.package_identification:_identify(mobile_robotics) by extensions ['ignore', 'ignore_ament_install']
[0.415s] Level 1:colcon.colcon_core.package_identification:_identify(mobile_robotics) by extension 'ignore'
[0.415s] Level 1:colcon.colcon_core.package_identification:_identify(mobile_robotics) by extension 'ignore_ament_install'
[0.415s] Level 1:colcon.colcon_core.package_identification:_identify(mobile_robotics) by extensions ['colcon_pkg']
[0.415s] Level 1:colcon.colcon_core.package_identification:_identify(mobile_robotics) by extension 'colcon_pkg'
[0.415s] Level 1:colcon.colcon_core.package_identification:_identify(mobile_robotics) by extensions ['colcon_meta']
[0.415s] Level 1:colcon.colcon_core.package_identification:_identify(mobile_robotics) by extension 'colcon_meta'
[0.415s] Level 1:colcon.colcon_core.package_identification:_identify(mobile_robotics) by extensions ['ros']
[0.415s] Level 1:colcon.colcon_core.package_identification:_identify(mobile_robotics) by extension 'ros'
[0.416s] DEBUG:colcon.colcon_core.package_identification:Package 'mobile_robotics' with type 'ros.ament_cmake' and name 'mobile_robotics'
[0.416s] Level 1:colcon.colcon_core.package_identification:_identify(rplidar_ros) by extensions ['ignore', 'ignore_ament_install']
[0.417s] Level 1:colcon.colcon_core.package_identification:_identify(rplidar_ros) by extension 'ignore'
[0.417s] Level 1:colcon.colcon_core.package_identification:_identify(rplidar_ros) by extension 'ignore_ament_install'
[0.417s] Level 1:colcon.colcon_core.package_identification:_identify(rplidar_ros) by extensions ['colcon_pkg']
[0.417s] Level 1:colcon.colcon_core.package_identification:_identify(rplidar_ros) by extension 'colcon_pkg'
[0.417s] Level 1:colcon.colcon_core.package_identification:_identify(rplidar_ros) by extensions ['colcon_meta']
[0.417s] Level 1:colcon.colcon_core.package_identification:_identify(rplidar_ros) by extension 'colcon_meta'
[0.417s] Level 1:colcon.colcon_core.package_identification:_identify(rplidar_ros) by extensions ['ros']
[0.417s] Level 1:colcon.colcon_core.package_identification:_identify(rplidar_ros) by extension 'ros'
[0.418s] DEBUG:colcon.colcon_core.package_identification:Package 'rplidar_ros' with type 'ros.ament_cmake' and name 'rplidar_ros'
[0.418s] Level 1:colcon.colcon_core.package_identification:_identify(wall_following) by extensions ['ignore', 'ignore_ament_install']
[0.418s] Level 1:colcon.colcon_core.package_identification:_identify(wall_following) by extension 'ignore'
[0.418s] Level 1:colcon.colcon_core.package_identification:_identify(wall_following) by extension 'ignore_ament_install'
[0.418s] Level 1:colcon.colcon_core.package_identification:_identify(wall_following) by extensions ['colcon_pkg']
[0.418s] Level 1:colcon.colcon_core.package_identification:_identify(wall_following) by extension 'colcon_pkg'
[0.418s] Level 1:colcon.colcon_core.package_identification:_identify(wall_following) by extensions ['colcon_meta']
[0.418s] Level 1:colcon.colcon_core.package_identification:_identify(wall_following) by extension 'colcon_meta'
[0.418s] Level 1:colcon.colcon_core.package_identification:_identify(wall_following) by extensions ['ros']
[0.418s] Level 1:colcon.colcon_core.package_identification:_identify(wall_following) by extension 'ros'
[0.419s] DEBUG:colcon.colcon_core.package_identification:Package 'wall_following' with type 'ros.ament_python' and name 'wall_following'
[0.419s] Level 1:colcon.colcon_core.package_discovery:discover_packages(recursive) using defaults
[0.419s] Level 1:colcon.colcon_core.package_discovery:discover_packages(ignore) discover
[0.419s] Level 1:colcon.colcon_core.package_discovery:discover_packages(ignore) using defaults
[0.419s] Level 1:colcon.colcon_core.package_discovery:discover_packages(path) discover
[0.419s] Level 1:colcon.colcon_core.package_discovery:discover_packages(path) using defaults
[0.443s] Level 1:colcon.colcon_core.package_discovery:discover_packages(prefix_path) check parameters
[0.443s] Level 1:colcon.colcon_core.package_discovery:discover_packages(prefix_path) discover
[0.446s] DEBUG:colcon.colcon_installed_package_information.package_discovery:Found 0 installed packages in /home/samugc/ros2_ws_2501_v2/install
[0.446s] DEBUG:colcon.colcon_installed_package_information.package_discovery:Found 3 installed packages in /home/samugc/Ros2-2025-01-mobile-robotics/install
[0.447s] DEBUG:colcon.colcon_installed_package_information.package_discovery:Found 5 installed packages in /home/samugc/ros2_ws_2501/install
[0.447s] DEBUG:colcon.colcon_installed_package_information.package_discovery:Found 1 installed packages in /home/samugc/ros2_ws/install
[0.449s] DEBUG:colcon.colcon_installed_package_information.package_discovery:Found 393 installed packages in /opt/ros/humble
[0.452s] Level 1:colcon.colcon_core.package_discovery:discover_packages(prefix_path) using defaults
[0.510s] Level 5:colcon.colcon_core.verb:set package 'car_control' build argument 'cmake_args' from command line to 'None'
[0.510s] Level 5:colcon.colcon_core.verb:set package 'car_control' build argument 'cmake_target' from command line to 'None'
[0.510s] Level 5:colcon.colcon_core.verb:set package 'car_control' build argument 'cmake_target_skip_unavailable' from command line to 'False'
[0.510s] Level 5:colcon.colcon_core.verb:set package 'car_control' build argument 'cmake_clean_cache' from command line to 'False'
[0.510s] Level 5:colcon.colcon_core.verb:set package 'car_control' build argument 'cmake_clean_first' from command line to 'False'
[0.510s] Level 5:colcon.colcon_core.verb:set package 'car_control' build argument 'cmake_force_configure' from command line to 'False'
[0.510s] Level 5:colcon.colcon_core.verb:set package 'car_control' build argument 'ament_cmake_args' from command line to 'None'
[0.510s] Level 5:colcon.colcon_core.verb:set package 'car_control' build argument 'catkin_cmake_args' from command line to 'None'
[0.510s] Level 5:colcon.colcon_core.verb:set package 'car_control' build argument 'catkin_skip_building_tests' from command line to 'False'
[0.510s] DEBUG:colcon.colcon_core.verb:Building package 'car_control' with the following arguments: {'ament_cmake_args': None, 'build_base': '/home/samugc/mobile_robotics_rpi4/build/car_control', 'catkin_cmake_args': None, 'catkin_skip_building_tests': False, 'cmake_args': None, 'cmake_clean_cache': False, 'cmake_clean_first': False, 'cmake_force_configure': False, 'cmake_target': None, 'cmake_target_skip_unavailable': False, 'install_base': '/home/samugc/mobile_robotics_rpi4/install/car_control', 'merge_install': False, 'path': '/home/samugc/mobile_robotics_rpi4/car_control', 'symlink_install': True, 'test_result_base': None}
[0.510s] Level 5:colcon.colcon_core.verb:set package 'gap_following' build argument 'cmake_args' from command line to 'None'
[0.510s] Level 5:colcon.colcon_core.verb:set package 'gap_following' build argument 'cmake_target' from command line to 'None'
[0.510s] Level 5:colcon.colcon_core.verb:set package 'gap_following' build argument 'cmake_target_skip_unavailable' from command line to 'False'
[0.510s] Level 5:colcon.colcon_core.verb:set package 'gap_following' build argument 'cmake_clean_cache' from command line to 'False'
[0.510s] Level 5:colcon.colcon_core.verb:set package 'gap_following' build argument 'cmake_clean_first' from command line to 'False'
[0.510s] Level 5:colcon.colcon_core.verb:set package 'gap_following' build argument 'cmake_force_configure' from command line to 'False'
[0.511s] Level 5:colcon.colcon_core.verb:set package 'gap_following' build argument 'ament_cmake_args' from command line to 'None'
[0.511s] Level 5:colcon.colcon_core.verb:set package 'gap_following' build argument 'catkin_cmake_args' from command line to 'None'
[0.511s] Level 5:colcon.colcon_core.verb:set package 'gap_following' build argument 'catkin_skip_building_tests' from command line to 'False'
[0.511s] DEBUG:colcon.colcon_core.verb:Building package 'gap_following' with the following arguments: {'ament_cmake_args': None, 'build_base': '/home/samugc/mobile_robotics_rpi4/build/gap_following', 'catkin_cmake_args': None, 'catkin_skip_building_tests': False, 'cmake_args': None, 'cmake_clean_cache': False, 'cmake_clean_first': False, 'cmake_force_configure': False, 'cmake_target': None, 'cmake_target_skip_unavailable': False, 'install_base': '/home/samugc/mobile_robotics_rpi4/install/gap_following', 'merge_install': False, 'path': '/home/samugc/mobile_robotics_rpi4/gap_following', 'symlink_install': True, 'test_result_base': None}
[0.511s] Level 5:colcon.colcon_core.verb:set package 'mobile_robotics' build argument 'cmake_args' from command line to 'None'
[0.511s] Level 5:colcon.colcon_core.verb:set package 'mobile_robotics' build argument 'cmake_target' from command line to 'None'
[0.511s] Level 5:colcon.colcon_core.verb:set package 'mobile_robotics' build argument 'cmake_target_skip_unavailable' from command line to 'False'
[0.511s] Level 5:colcon.colcon_core.verb:set package 'mobile_robotics' build argument 'cmake_clean_cache' from command line to 'False'
[0.511s] Level 5:colcon.colcon_core.verb:set package 'mobile_robotics' build argument 'cmake_clean_first' from command line to 'False'
[0.511s] Level 5:colcon.colcon_core.verb:set package 'mobile_robotics' build argument 'cmake_force_configure' from command line to 'False'
[0.511s] Level 5:colcon.colcon_core.verb:set package 'mobile_robotics' build argument 'ament_cmake_args' from command line to 'None'
[0.511s] Level 5:colcon.colcon_core.verb:set package 'mobile_robotics' build argument 'catkin_cmake_args' from command line to 'None'
[0.511s] Level 5:colcon.colcon_core.verb:set package 'mobile_robotics' build argument 'catkin_skip_building_tests' from command line to 'False'
[0.511s] DEBUG:colcon.colcon_core.verb:Building package 'mobile_robotics' with the following arguments: {'ament_cmake_args': None, 'build_base': '/home/samugc/mobile_robotics_rpi4/build/mobile_robotics', 'catkin_cmake_args': None, 'catkin_skip_building_tests': False, 'cmake_args': None, 'cmake_clean_cache': False, 'cmake_clean_first': False, 'cmake_force_configure': False, 'cmake_target': None, 'cmake_target_skip_unavailable': False, 'install_base': '/home/samugc/mobile_robotics_rpi4/install/mobile_robotics', 'merge_install': False, 'path': '/home/samugc/mobile_robotics_rpi4/mobile_robotics', 'symlink_install': True, 'test_result_base': None}
[0.512s] Level 5:colcon.colcon_core.verb:set package 'rplidar_ros' build argument 'cmake_args' from command line to 'None'
[0.512s] Level 5:colcon.colcon_core.verb:set package 'rplidar_ros' build argument 'cmake_target' from command line to 'None'
[0.512s] Level 5:colcon.colcon_core.verb:set package 'rplidar_ros' build argument 'cmake_target_skip_unavailable' from command line to 'False'
[0.512s] Level 5:colcon.colcon_core.verb:set package 'rplidar_ros' build argument 'cmake_clean_cache' from command line to 'False'
[0.512s] Level 5:colcon.colcon_core.verb:set package 'rplidar_ros' build argument 'cmake_clean_first' from command line to 'False'
[0.512s] Level 5:colcon.colcon_core.verb:set package 'rplidar_ros' build argument 'cmake_force_configure' from command line to 'False'
[0.512s] Level 5:colcon.colcon_core.verb:set package 'rplidar_ros' build argument 'ament_cmake_args' from command line to 'None'
[0.512s] Level 5:colcon.colcon_core.verb:set package 'rplidar_ros' build argument 'catkin_cmake_args' from command line to 'None'
[0.512s] Level 5:colcon.colcon_core.verb:set package 'rplidar_ros' build argument 'catkin_skip_building_tests' from command line to 'False'
[0.512s] DEBUG:colcon.colcon_core.verb:Building package 'rplidar_ros' with the following arguments: {'ament_cmake_args': None, 'build_base': '/home/samugc/mobile_robotics_rpi4/build/rplidar_ros', 'catkin_cmake_args': None, 'catkin_skip_building_tests': False, 'cmake_args': None, 'cmake_clean_cache': False, 'cmake_clean_first': False, 'cmake_force_configure': False, 'cmake_target': None, 'cmake_target_skip_unavailable': False, 'install_base': '/home/samugc/mobile_robotics_rpi4/install/rplidar_ros', 'merge_install': False, 'path': '/home/samugc/mobile_robotics_rpi4/rplidar_ros', 'symlink_install': True, 'test_result_base': None}
[0.512s] Level 5:colcon.colcon_core.verb:set package 'wall_following' build argument 'cmake_args' from command line to 'None'
[0.512s] Level 5:colcon.colcon_core.verb:set package 'wall_following' build argument 'cmake_target' from command line to 'None'
[0.512s] Level 5:colcon.colcon_core.verb:set package 'wall_following' build argument 'cmake_target_skip_unavailable' from command line to 'False'
[0.512s] Level 5:colcon.colcon_core.verb:set package 'wall_following' build argument 'cmake_clean_cache' from command line to 'False'
[0.512s] Level 5:colcon.colcon_core.verb:set package 'wall_following' build argument 'cmake_clean_first' from command line to 'False'
[0.512s] Level 5:colcon.colcon_core.verb:set package 'wall_following' build argument 'cmake_force_configure' from command line to 'False'
[0.512s] Level 5:colcon.colcon_core.verb:set package 'wall_following' build argument 'ament_cmake_args' from command line to 'None'
[0.512s] Level 5:colcon.colcon_core.verb:set package 'wall_following' build argument 'catkin_cmake_args' from command line to 'None'
[0.512s] Level 5:colcon.colcon_core.verb:set package 'wall_following' build argument 'catkin_skip_building_tests' from command line to 'False'
[0.513s] DEBUG:colcon.colcon_core.verb:Building package 'wall_following' with the following arguments: {'ament_cmake_args': None, 'build_base': '/home/samugc/mobile_robotics_rpi4/build/wall_following', 'catkin_cmake_args': None, 'catkin_skip_building_tests': False, 'cmake_args': None, 'cmake_clean_cache': False, 'cmake_clean_first': False, 'cmake_force_configure': False, 'cmake_target': None, 'cmake_target_skip_unavailable': False, 'install_base': '/home/samugc/mobile_robotics_rpi4/install/wall_following', 'merge_install': False, 'path': '/home/samugc/mobile_robotics_rpi4/wall_following', 'symlink_install': True, 'test_result_base': None}
[0.513s] INFO:colcon.colcon_core.executor:Executing jobs using 'parallel' executor
[0.514s] DEBUG:colcon.colcon_parallel_executor.executor.parallel:run_until_complete
[0.514s] INFO:colcon.colcon_ros.task.ament_python.build:Building ROS package in '/home/samugc/mobile_robotics_rpi4/car_control' with build type 'ament_python'
[0.514s] Level 1:colcon.colcon_core.shell:create_environment_hook('car_control', 'ament_prefix_path')
[0.517s] INFO:colcon.colcon_core.plugin_system:Skipping extension 'colcon_core.shell.bat': Not used on non-Windows systems
[0.517s] INFO:colcon.colcon_core.shell:Creating environment hook '/home/samugc/mobile_robotics_rpi4/install/car_control/share/car_control/hook/ament_prefix_path.ps1'
[0.518s] INFO:colcon.colcon_core.shell:Creating environment descriptor '/home/samugc/mobile_robotics_rpi4/install/car_control/share/car_control/hook/ament_prefix_path.dsv'
[0.518s] INFO:colcon.colcon_core.shell:Creating environment hook '/home/samugc/mobile_robotics_rpi4/install/car_control/share/car_control/hook/ament_prefix_path.sh'
[0.519s] INFO:colcon.colcon_core.shell:Skip shell extension 'powershell' for command environment: Not usable outside of PowerShell
[0.519s] DEBUG:colcon.colcon_core.shell:Skip shell extension 'dsv' for command environment
[0.525s] INFO:colcon.colcon_ros.task.ament_python.build:Building ROS package in '/home/samugc/mobile_robotics_rpi4/gap_following' with build type 'ament_python'
[0.525s] Level 1:colcon.colcon_core.shell:create_environment_hook('gap_following', 'ament_prefix_path')
[0.525s] INFO:colcon.colcon_core.shell:Creating environment hook '/home/samugc/mobile_robotics_rpi4/install/gap_following/share/gap_following/hook/ament_prefix_path.ps1'
[0.526s] INFO:colcon.colcon_core.shell:Creating environment descriptor '/home/samugc/mobile_robotics_rpi4/install/gap_following/share/gap_following/hook/ament_prefix_path.dsv'
[0.527s] INFO:colcon.colcon_core.shell:Creating environment hook '/home/samugc/mobile_robotics_rpi4/install/gap_following/share/gap_following/hook/ament_prefix_path.sh'
[0.528s] INFO:colcon.colcon_core.shell:Skip shell extension 'powershell' for command environment: Not usable outside of PowerShell
[0.528s] DEBUG:colcon.colcon_core.shell:Skip shell extension 'dsv' for command environment
[0.533s] INFO:colcon.colcon_ros.task.ament_cmake.build:Building ROS package in '/home/samugc/mobile_robotics_rpi4/mobile_robotics' with build type 'ament_cmake'
[0.533s] INFO:colcon.colcon_cmake.task.cmake.build:Building CMake package in '/home/samugc/mobile_robotics_rpi4/mobile_robotics'
[0.533s] INFO:colcon.colcon_core.shell:Skip shell extension 'powershell' for command environment: Not usable outside of PowerShell
[0.534s] DEBUG:colcon.colcon_core.shell:Skip shell extension 'dsv' for command environment
[0.542s] INFO:colcon.colcon_ros.task.ament_cmake.build:Building ROS package in '/home/samugc/mobile_robotics_rpi4/rplidar_ros' with build type 'ament_cmake'
[0.542s] INFO:colcon.colcon_cmake.task.cmake.build:Building CMake package in '/home/samugc/mobile_robotics_rpi4/rplidar_ros'
[0.543s] INFO:colcon.colcon_core.shell:Skip shell extension 'powershell' for command environment: Not usable outside of PowerShell
[0.543s] DEBUG:colcon.colcon_core.shell:Skip shell extension 'dsv' for command environment
[0.903s] INFO:colcon.colcon_core.task.python.build:Building Python package in '/home/samugc/mobile_robotics_rpi4/car_control'
[0.904s] INFO:colcon.colcon_core.shell:Skip shell extension 'powershell' for command environment: Not usable outside of PowerShell
[0.904s] DEBUG:colcon.colcon_core.shell:Skip shell extension 'dsv' for command environment
[1.261s] INFO:colcon.colcon_core.task.python.build:Building Python package in '/home/samugc/mobile_robotics_rpi4/gap_following'
[1.262s] INFO:colcon.colcon_core.shell:Skip shell extension 'powershell' for command environment: Not usable outside of PowerShell
[1.262s] DEBUG:colcon.colcon_core.shell:Skip shell extension 'dsv' for command environment
[1.272s] DEBUG:colcon.colcon_core.event_handler.log_command:Invoking command in '/home/samugc/mobile_robotics_rpi4/build/mobile_robotics': CMAKE_PREFIX_PATH=${CMAKE_PREFIX_PATH}:/home/samugc/Ros2-2025-01-mobile-robotics/install/joy_tester:/home/samugc/ros2_ws_2501/install/test_pkg:/home/samugc/ros2_ws_2501/install/ldr_pkg:/home/samugc/ros2_ws_2501/install/joy_tester:/home/samugc/ros2_ws/install/my_robot_controller:/opt/ros/humble /usr/bin/cmake --build /home/samugc/mobile_robotics_rpi4/build/mobile_robotics -- -j4 -l4
[1.280s] DEBUG:colcon.colcon_core.event_handler.log_command:Invoking command in '/home/samugc/mobile_robotics_rpi4/build/rplidar_ros': CMAKE_PREFIX_PATH=${CMAKE_PREFIX_PATH}:/home/samugc/Ros2-2025-01-mobile-robotics/install/joy_tester:/home/samugc/ros2_ws_2501/install/test_pkg:/home/samugc/ros2_ws_2501/install/ldr_pkg:/home/samugc/ros2_ws_2501/install/joy_tester:/home/samugc/ros2_ws/install/my_robot_controller:/opt/ros/humble /usr/bin/cmake --build /home/samugc/mobile_robotics_rpi4/build/rplidar_ros -- -j4 -l4
[1.443s] DEBUG:colcon.colcon_core.event_handler.log_command:Invoked command in '/home/samugc/mobile_robotics_rpi4/build/mobile_robotics' returned '0': CMAKE_PREFIX_PATH=${CMAKE_PREFIX_PATH}:/home/samugc/Ros2-2025-01-mobile-robotics/install/joy_tester:/home/samugc/ros2_ws_2501/install/test_pkg:/home/samugc/ros2_ws_2501/install/ldr_pkg:/home/samugc/ros2_ws_2501/install/joy_tester:/home/samugc/ros2_ws/install/my_robot_controller:/opt/ros/humble /usr/bin/cmake --build /home/samugc/mobile_robotics_rpi4/build/mobile_robotics -- -j4 -l4
[1.465s] DEBUG:colcon.colcon_core.event_handler.log_command:Invoking command in '/home/samugc/mobile_robotics_rpi4/build/mobile_robotics': CMAKE_PREFIX_PATH=${CMAKE_PREFIX_PATH}:/home/samugc/Ros2-2025-01-mobile-robotics/install/joy_tester:/home/samugc/ros2_ws_2501/install/test_pkg:/home/samugc/ros2_ws_2501/install/ldr_pkg:/home/samugc/ros2_ws_2501/install/joy_tester:/home/samugc/ros2_ws/install/my_robot_controller:/opt/ros/humble /usr/bin/cmake --install /home/samugc/mobile_robotics_rpi4/build/mobile_robotics
[1.488s] DEBUG:colcon.colcon_core.event_handler.log_command:Invoked command in '/home/samugc/mobile_robotics_rpi4/build/rplidar_ros' returned '0': CMAKE_PREFIX_PATH=${CMAKE_PREFIX_PATH}:/home/samugc/Ros2-2025-01-mobile-robotics/install/joy_tester:/home/samugc/ros2_ws_2501/install/test_pkg:/home/samugc/ros2_ws_2501/install/ldr_pkg:/home/samugc/ros2_ws_2501/install/joy_tester:/home/samugc/ros2_ws/install/my_robot_controller:/opt/ros/humble /usr/bin/cmake --build /home/samugc/mobile_robotics_rpi4/build/rplidar_ros -- -j4 -l4
[1.493s] DEBUG:colcon.colcon_core.event_handler.log_command:Invoking command in '/home/samugc/mobile_robotics_rpi4/build/rplidar_ros': CMAKE_PREFIX_PATH=${CMAKE_PREFIX_PATH}:/home/samugc/Ros2-2025-01-mobile-robotics/install/joy_tester:/home/samugc/ros2_ws_2501/install/test_pkg:/home/samugc/ros2_ws_2501/install/ldr_pkg:/home/samugc/ros2_ws_2501/install/joy_tester:/home/samugc/ros2_ws/install/my_robot_controller:/opt/ros/humble /usr/bin/cmake --install /home/samugc/mobile_robotics_rpi4/build/rplidar_ros
[1.511s] Level 1:colcon.colcon_core.environment:create_environment_scripts_only(mobile_robotics)
[1.517s] DEBUG:colcon.colcon_core.event_handler.log_command:Invoked command in '/home/samugc/mobile_robotics_rpi4/build/mobile_robotics' returned '0': CMAKE_PREFIX_PATH=${CMAKE_PREFIX_PATH}:/home/samugc/Ros2-2025-01-mobile-robotics/install/joy_tester:/home/samugc/ros2_ws_2501/install/test_pkg:/home/samugc/ros2_ws_2501/install/ldr_pkg:/home/samugc/ros2_ws_2501/install/joy_tester:/home/samugc/ros2_ws/install/my_robot_controller:/opt/ros/humble /usr/bin/cmake --install /home/samugc/mobile_robotics_rpi4/build/mobile_robotics
[1.519s] Level 1:colcon.colcon_core.environment:checking '/home/samugc/mobile_robotics_rpi4/install/mobile_robotics' for CMake module files
[1.522s] Level 1:colcon.colcon_core.environment:checking '/home/samugc/mobile_robotics_rpi4/install/mobile_robotics' for CMake config files
[1.523s] Level 1:colcon.colcon_core.shell:create_environment_hook('mobile_robotics', 'cmake_prefix_path')
[1.523s] INFO:colcon.colcon_core.shell:Creating environment hook '/home/samugc/mobile_robotics_rpi4/install/mobile_robotics/share/mobile_robotics/hook/cmake_prefix_path.ps1'
[1.524s] INFO:colcon.colcon_core.shell:Creating environment descriptor '/home/samugc/mobile_robotics_rpi4/install/mobile_robotics/share/mobile_robotics/hook/cmake_prefix_path.dsv'
[1.525s] INFO:colcon.colcon_core.shell:Creating environment hook '/home/samugc/mobile_robotics_rpi4/install/mobile_robotics/share/mobile_robotics/hook/cmake_prefix_path.sh'
[1.526s] Level 1:colcon.colcon_core.environment:checking '/home/samugc/mobile_robotics_rpi4/install/mobile_robotics/lib'
[1.526s] Level 1:colcon.colcon_core.environment:checking '/home/samugc/mobile_robotics_rpi4/install/mobile_robotics/bin'
[1.526s] Level 1:colcon.colcon_core.environment:checking '/home/samugc/mobile_robotics_rpi4/install/mobile_robotics/lib/pkgconfig/mobile_robotics.pc'
[1.527s] Level 1:colcon.colcon_core.environment:checking '/home/samugc/mobile_robotics_rpi4/install/mobile_robotics/lib/python3.10/site-packages'
[1.527s] Level 1:colcon.colcon_core.environment:checking '/home/samugc/mobile_robotics_rpi4/install/mobile_robotics/bin'
[1.528s] INFO:colcon.colcon_core.shell:Creating package script '/home/samugc/mobile_robotics_rpi4/install/mobile_robotics/share/mobile_robotics/package.ps1'
[1.529s] INFO:colcon.colcon_core.shell:Creating package descriptor '/home/samugc/mobile_robotics_rpi4/install/mobile_robotics/share/mobile_robotics/package.dsv'
[1.533s] INFO:colcon.colcon_core.shell:Creating package script '/home/samugc/mobile_robotics_rpi4/install/mobile_robotics/share/mobile_robotics/package.sh'
[1.535s] INFO:colcon.colcon_core.shell:Creating package script '/home/samugc/mobile_robotics_rpi4/install/mobile_robotics/share/mobile_robotics/package.bash'
[1.536s] INFO:colcon.colcon_core.shell:Creating package script '/home/samugc/mobile_robotics_rpi4/install/mobile_robotics/share/mobile_robotics/package.zsh'
[1.538s] Level 1:colcon.colcon_core.environment:create_file_with_runtime_dependencies(/home/samugc/mobile_robotics_rpi4/install/mobile_robotics/share/colcon-core/packages/mobile_robotics)
[1.539s] Level 1:colcon.colcon_core.environment:create_environment_scripts_only(mobile_robotics)
[1.539s] Level 1:colcon.colcon_core.environment:checking '/home/samugc/mobile_robotics_rpi4/install/mobile_robotics' for CMake module files
[1.540s] Level 1:colcon.colcon_core.environment:checking '/home/samugc/mobile_robotics_rpi4/install/mobile_robotics' for CMake config files
[1.540s] Level 1:colcon.colcon_core.shell:create_environment_hook('mobile_robotics', 'cmake_prefix_path')
[1.541s] INFO:colcon.colcon_core.shell:Creating environment hook '/home/samugc/mobile_robotics_rpi4/install/mobile_robotics/share/mobile_robotics/hook/cmake_prefix_path.ps1'
[1.542s] INFO:colcon.colcon_core.shell:Creating environment descriptor '/home/samugc/mobile_robotics_rpi4/install/mobile_robotics/share/mobile_robotics/hook/cmake_prefix_path.dsv'
[1.542s] INFO:colcon.colcon_core.shell:Creating environment hook '/home/samugc/mobile_robotics_rpi4/install/mobile_robotics/share/mobile_robotics/hook/cmake_prefix_path.sh'
[1.543s] Level 1:colcon.colcon_core.environment:checking '/home/samugc/mobile_robotics_rpi4/install/mobile_robotics/lib'
[1.543s] Level 1:colcon.colcon_core.environment:checking '/home/samugc/mobile_robotics_rpi4/install/mobile_robotics/bin'
[1.543s] Level 1:colcon.colcon_core.environment:checking '/home/samugc/mobile_robotics_rpi4/install/mobile_robotics/lib/pkgconfig/mobile_robotics.pc'
[1.544s] Level 1:colcon.colcon_core.environment:checking '/home/samugc/mobile_robotics_rpi4/install/mobile_robotics/lib/python3.10/site-packages'
[1.544s] Level 1:colcon.colcon_core.environment:checking '/home/samugc/mobile_robotics_rpi4/install/mobile_robotics/bin'
[1.545s] INFO:colcon.colcon_core.shell:Creating package script '/home/samugc/mobile_robotics_rpi4/install/mobile_robotics/share/mobile_robotics/package.ps1'
[1.546s] INFO:colcon.colcon_core.shell:Creating package descriptor '/home/samugc/mobile_robotics_rpi4/install/mobile_robotics/share/mobile_robotics/package.dsv'
[1.547s] INFO:colcon.colcon_core.shell:Creating package script '/home/samugc/mobile_robotics_rpi4/install/mobile_robotics/share/mobile_robotics/package.sh'
[1.548s] INFO:colcon.colcon_core.shell:Creating package script '/home/samugc/mobile_robotics_rpi4/install/mobile_robotics/share/mobile_robotics/package.bash'
[1.549s] INFO:colcon.colcon_core.shell:Creating package script '/home/samugc/mobile_robotics_rpi4/install/mobile_robotics/share/mobile_robotics/package.zsh'
[1.550s] Level 1:colcon.colcon_core.environment:create_file_with_runtime_dependencies(/home/samugc/mobile_robotics_rpi4/install/mobile_robotics/share/colcon-core/packages/mobile_robotics)
[1.551s] INFO:colcon.colcon_ros.task.ament_python.build:Building ROS package in '/home/samugc/mobile_robotics_rpi4/wall_following' with build type 'ament_python'
[1.551s] Level 1:colcon.colcon_core.shell:create_environment_hook('wall_following', 'ament_prefix_path')
[1.552s] INFO:colcon.colcon_core.shell:Creating environment hook '/home/samugc/mobile_robotics_rpi4/install/wall_following/share/wall_following/hook/ament_prefix_path.ps1'
[1.553s] INFO:colcon.colcon_core.shell:Creating environment descriptor '/home/samugc/mobile_robotics_rpi4/install/wall_following/share/wall_following/hook/ament_prefix_path.dsv'
[1.554s] INFO:colcon.colcon_core.shell:Creating environment hook '/home/samugc/mobile_robotics_rpi4/install/wall_following/share/wall_following/hook/ament_prefix_path.sh'
[1.555s] INFO:colcon.colcon_core.shell:Skip shell extension 'powershell' for command environment: Not usable outside of PowerShell
[1.555s] DEBUG:colcon.colcon_core.shell:Skip shell extension 'dsv' for command environment
[1.566s] Level 1:colcon.colcon_core.environment:create_environment_scripts_only(rplidar_ros)
[1.567s] Level 1:colcon.colcon_core.environment:checking '/home/samugc/mobile_robotics_rpi4/install/rplidar_ros' for CMake module files
[1.568s] DEBUG:colcon.colcon_core.event_handler.log_command:Invoked command in '/home/samugc/mobile_robotics_rpi4/build/rplidar_ros' returned '0': CMAKE_PREFIX_PATH=${CMAKE_PREFIX_PATH}:/home/samugc/Ros2-2025-01-mobile-robotics/install/joy_tester:/home/samugc/ros2_ws_2501/install/test_pkg:/home/samugc/ros2_ws_2501/install/ldr_pkg:/home/samugc/ros2_ws_2501/install/joy_tester:/home/samugc/ros2_ws/install/my_robot_controller:/opt/ros/humble /usr/bin/cmake --install /home/samugc/mobile_robotics_rpi4/build/rplidar_ros
[1.569s] Level 1:colcon.colcon_core.environment:checking '/home/samugc/mobile_robotics_rpi4/install/rplidar_ros' for CMake config files
[1.569s] Level 1:colcon.colcon_core.shell:create_environment_hook('rplidar_ros', 'cmake_prefix_path')
[1.570s] INFO:colcon.colcon_core.shell:Creating environment hook '/home/samugc/mobile_robotics_rpi4/install/rplidar_ros/share/rplidar_ros/hook/cmake_prefix_path.ps1'
[1.571s] INFO:colcon.colcon_core.shell:Creating environment descriptor '/home/samugc/mobile_robotics_rpi4/install/rplidar_ros/share/rplidar_ros/hook/cmake_prefix_path.dsv'
[1.571s] INFO:colcon.colcon_core.shell:Creating environment hook '/home/samugc/mobile_robotics_rpi4/install/rplidar_ros/share/rplidar_ros/hook/cmake_prefix_path.sh'
[1.572s] Level 1:colcon.colcon_core.environment:checking '/home/samugc/mobile_robotics_rpi4/install/rplidar_ros/lib'
[1.572s] Level 1:colcon.colcon_core.environment:checking '/home/samugc/mobile_robotics_rpi4/install/rplidar_ros/bin'
[1.573s] Level 1:colcon.colcon_core.environment:checking '/home/samugc/mobile_robotics_rpi4/install/rplidar_ros/lib/pkgconfig/rplidar_ros.pc'
[1.573s] Level 1:colcon.colcon_core.environment:checking '/home/samugc/mobile_robotics_rpi4/install/rplidar_ros/lib/python3.10/site-packages'
[1.573s] Level 1:colcon.colcon_core.environment:checking '/home/samugc/mobile_robotics_rpi4/install/rplidar_ros/bin'
[1.574s] INFO:colcon.colcon_core.shell:Creating package script '/home/samugc/mobile_robotics_rpi4/install/rplidar_ros/share/rplidar_ros/package.ps1'
[1.575s] INFO:colcon.colcon_core.shell:Creating package descriptor '/home/samugc/mobile_robotics_rpi4/install/rplidar_ros/share/rplidar_ros/package.dsv'
[1.576s] INFO:colcon.colcon_core.shell:Creating package script '/home/samugc/mobile_robotics_rpi4/install/rplidar_ros/share/rplidar_ros/package.sh'
[1.576s] INFO:colcon.colcon_core.shell:Creating package script '/home/samugc/mobile_robotics_rpi4/install/rplidar_ros/share/rplidar_ros/package.bash'
[1.577s] INFO:colcon.colcon_core.shell:Creating package script '/home/samugc/mobile_robotics_rpi4/install/rplidar_ros/share/rplidar_ros/package.zsh'
[1.578s] Level 1:colcon.colcon_core.environment:create_file_with_runtime_dependencies(/home/samugc/mobile_robotics_rpi4/install/rplidar_ros/share/colcon-core/packages/rplidar_ros)
[1.579s] Level 1:colcon.colcon_core.environment:create_environment_scripts_only(rplidar_ros)
[1.580s] Level 1:colcon.colcon_core.environment:checking '/home/samugc/mobile_robotics_rpi4/install/rplidar_ros' for CMake module files
[1.581s] Level 1:colcon.colcon_core.environment:checking '/home/samugc/mobile_robotics_rpi4/install/rplidar_ros' for CMake config files
[1.581s] Level 1:colcon.colcon_core.shell:create_environment_hook('rplidar_ros', 'cmake_prefix_path')
[1.582s] INFO:colcon.colcon_core.shell:Creating environment hook '/home/samugc/mobile_robotics_rpi4/install/rplidar_ros/share/rplidar_ros/hook/cmake_prefix_path.ps1'
[1.583s] INFO:colcon.colcon_core.shell:Creating environment descriptor '/home/samugc/mobile_robotics_rpi4/install/rplidar_ros/share/rplidar_ros/hook/cmake_prefix_path.dsv'
[1.586s] INFO:colcon.colcon_core.shell:Creating environment hook '/home/samugc/mobile_robotics_rpi4/install/rplidar_ros/share/rplidar_ros/hook/cmake_prefix_path.sh'
[1.587s] Level 1:colcon.colcon_core.environment:checking '/home/samugc/mobile_robotics_rpi4/install/rplidar_ros/lib'
[1.587s] Level 1:colcon.colcon_core.environment:checking '/home/samugc/mobile_robotics_rpi4/install/rplidar_ros/bin'
[1.587s] Level 1:colcon.colcon_core.environment:checking '/home/samugc/mobile_robotics_rpi4/install/rplidar_ros/lib/pkgconfig/rplidar_ros.pc'
[1.588s] Level 1:colcon.colcon_core.environment:checking '/home/samugc/mobile_robotics_rpi4/install/rplidar_ros/lib/python3.10/site-packages'
[1.588s] Level 1:colcon.colcon_core.environment:checking '/home/samugc/mobile_robotics_rpi4/install/rplidar_ros/bin'
[1.589s] INFO:colcon.colcon_core.shell:Creating package script '/home/samugc/mobile_robotics_rpi4/install/rplidar_ros/share/rplidar_ros/package.ps1'
[1.590s] INFO:colcon.colcon_core.shell:Creating package descriptor '/home/samugc/mobile_robotics_rpi4/install/rplidar_ros/share/rplidar_ros/package.dsv'
[1.591s] INFO:colcon.colcon_core.shell:Creating package script '/home/samugc/mobile_robotics_rpi4/install/rplidar_ros/share/rplidar_ros/package.sh'
[1.592s] INFO:colcon.colcon_core.shell:Creating package script '/home/samugc/mobile_robotics_rpi4/install/rplidar_ros/share/rplidar_ros/package.bash'
[1.592s] INFO:colcon.colcon_core.shell:Creating package script '/home/samugc/mobile_robotics_rpi4/install/rplidar_ros/share/rplidar_ros/package.zsh'
[1.593s] Level 1:colcon.colcon_core.environment:create_file_with_runtime_dependencies(/home/samugc/mobile_robotics_rpi4/install/rplidar_ros/share/colcon-core/packages/rplidar_ros)
[2.121s] INFO:colcon.colcon_core.task.python.build:Building Python package in '/home/samugc/mobile_robotics_rpi4/wall_following'
[2.121s] INFO:colcon.colcon_core.shell:Skip shell extension 'powershell' for command environment: Not usable outside of PowerShell
[2.121s] DEBUG:colcon.colcon_core.shell:Skip shell extension 'dsv' for command environment
[2.130s] DEBUG:colcon.colcon_core.event_handler.log_command:Invoking command in '/home/samugc/mobile_robotics_rpi4/build/gap_following': PYTHONPATH=/home/samugc/mobile_robotics_rpi4/build/gap_following/prefix_override:/usr/lib/python3/dist-packages/colcon_core/task/python/colcon_distutils_commands:/home/samugc/mobile_robotics_rpi4/install/gap_following/lib/python3.10/site-packages:${PYTHONPATH} /usr/bin/python3 -W ignore:setup.py install is deprecated -W ignore:easy_install command is deprecated setup.py develop --editable --build-directory /home/samugc/mobile_robotics_rpi4/build/gap_following/build --no-deps symlink_data
[2.135s] DEBUG:colcon.colcon_core.event_handler.log_command:Invoking command in '/home/samugc/mobile_robotics_rpi4/build/car_control': PYTHONPATH=/home/samugc/mobile_robotics_rpi4/build/car_control/prefix_override:/usr/lib/python3/dist-packages/colcon_core/task/python/colcon_distutils_commands:/home/samugc/mobile_robotics_rpi4/install/car_control/lib/python3.10/site-packages:${PYTHONPATH} /usr/bin/python3 -W ignore:setup.py install is deprecated -W ignore:easy_install command is deprecated setup.py develop --editable --build-directory /home/samugc/mobile_robotics_rpi4/build/car_control/build --no-deps symlink_data
[2.832s] Level 1:colcon.colcon_core.shell:create_environment_hook('car_control', 'pythonpath_develop')
[2.833s] INFO:colcon.colcon_core.shell:Creating environment hook '/home/samugc/mobile_robotics_rpi4/build/car_control/share/car_control/hook/pythonpath_develop.ps1'
[2.834s] DEBUG:colcon.colcon_core.event_handler.log_command:Invoked command in '/home/samugc/mobile_robotics_rpi4/build/car_control' returned '0': PYTHONPATH=/home/samugc/mobile_robotics_rpi4/build/car_control/prefix_override:/usr/lib/python3/dist-packages/colcon_core/task/python/colcon_distutils_commands:/home/samugc/mobile_robotics_rpi4/install/car_control/lib/python3.10/site-packages:${PYTHONPATH} /usr/bin/python3 -W ignore:setup.py install is deprecated -W ignore:easy_install command is deprecated setup.py develop --editable --build-directory /home/samugc/mobile_robotics_rpi4/build/car_control/build --no-deps symlink_data
[2.834s] INFO:colcon.colcon_core.shell:Creating environment descriptor '/home/samugc/mobile_robotics_rpi4/build/car_control/share/car_control/hook/pythonpath_develop.dsv'
[2.835s] INFO:colcon.colcon_core.shell:Creating environment hook '/home/samugc/mobile_robotics_rpi4/build/car_control/share/car_control/hook/pythonpath_develop.sh'
[2.836s] Level 1:colcon.colcon_core.environment:checking '/home/samugc/mobile_robotics_rpi4/install/car_control' for CMake module files
[2.837s] Level 1:colcon.colcon_core.environment:checking '/home/samugc/mobile_robotics_rpi4/install/car_control' for CMake config files
[2.838s] Level 1:colcon.colcon_core.environment:checking '/home/samugc/mobile_robotics_rpi4/install/car_control/lib'
[2.838s] Level 1:colcon.colcon_core.environment:checking '/home/samugc/mobile_robotics_rpi4/install/car_control/bin'
[2.838s] Level 1:colcon.colcon_core.environment:checking '/home/samugc/mobile_robotics_rpi4/install/car_control/lib/pkgconfig/car_control.pc'
[2.839s] Level 1:colcon.colcon_core.environment:checking '/home/samugc/mobile_robotics_rpi4/install/car_control/lib/python3.10/site-packages'
[2.839s] Level 1:colcon.colcon_core.shell:create_environment_hook('car_control', 'pythonpath')
[2.839s] INFO:colcon.colcon_core.shell:Creating environment hook '/home/samugc/mobile_robotics_rpi4/install/car_control/share/car_control/hook/pythonpath.ps1'
[2.840s] INFO:colcon.colcon_core.shell:Creating environment descriptor '/home/samugc/mobile_robotics_rpi4/install/car_control/share/car_control/hook/pythonpath.dsv'
[2.841s] INFO:colcon.colcon_core.shell:Creating environment hook '/home/samugc/mobile_robotics_rpi4/install/car_control/share/car_control/hook/pythonpath.sh'
[2.842s] Level 1:colcon.colcon_core.environment:checking '/home/samugc/mobile_robotics_rpi4/install/car_control/bin'
[2.842s] Level 1:colcon.colcon_core.environment:create_environment_scripts_only(car_control)
[2.843s] INFO:colcon.colcon_core.shell:Creating package script '/home/samugc/mobile_robotics_rpi4/install/car_control/share/car_control/package.ps1'
[2.844s] INFO:colcon.colcon_core.shell:Creating package descriptor '/home/samugc/mobile_robotics_rpi4/install/car_control/share/car_control/package.dsv'
[2.845s] INFO:colcon.colcon_core.shell:Creating package script '/home/samugc/mobile_robotics_rpi4/install/car_control/share/car_control/package.sh'
[2.846s] INFO:colcon.colcon_core.shell:Creating package script '/home/samugc/mobile_robotics_rpi4/install/car_control/share/car_control/package.bash'
[2.847s] INFO:colcon.colcon_core.shell:Creating package script '/home/samugc/mobile_robotics_rpi4/install/car_control/share/car_control/package.zsh'
[2.848s] Level 1:colcon.colcon_core.environment:create_file_with_runtime_dependencies(/home/samugc/mobile_robotics_rpi4/install/car_control/share/colcon-core/packages/car_control)
[2.893s] DEBUG:colcon.colcon_core.event_handler.log_command:Invoking command in '/home/samugc/mobile_robotics_rpi4/build/wall_following': PYTHONPATH=/home/samugc/mobile_robotics_rpi4/build/wall_following/prefix_override:/usr/lib/python3/dist-packages/colcon_core/task/python/colcon_distutils_commands:/home/samugc/mobile_robotics_rpi4/install/wall_following/lib/python3.10/site-packages:${PYTHONPATH} /usr/bin/python3 -W ignore:setup.py install is deprecated -W ignore:easy_install command is deprecated setup.py develop --editable --build-directory /home/samugc/mobile_robotics_rpi4/build/wall_following/build --no-deps symlink_data
[3.083s] Level 1:colcon.colcon_core.shell:create_environment_hook('gap_following', 'pythonpath_develop')
[3.084s] INFO:colcon.colcon_core.shell:Creating environment hook '/home/samugc/mobile_robotics_rpi4/build/gap_following/share/gap_following/hook/pythonpath_develop.ps1'
[3.084s] DEBUG:colcon.colcon_core.event_handler.log_command:Invoked command in '/home/samugc/mobile_robotics_rpi4/build/gap_following' returned '0': PYTHONPATH=/home/samugc/mobile_robotics_rpi4/build/gap_following/prefix_override:/usr/lib/python3/dist-packages/colcon_core/task/python/colcon_distutils_commands:/home/samugc/mobile_robotics_rpi4/install/gap_following/lib/python3.10/site-packages:${PYTHONPATH} /usr/bin/python3 -W ignore:setup.py install is deprecated -W ignore:easy_install command is deprecated setup.py develop --editable --build-directory /home/samugc/mobile_robotics_rpi4/build/gap_following/build --no-deps symlink_data
[3.085s] INFO:colcon.colcon_core.shell:Creating environment descriptor '/home/samugc/mobile_robotics_rpi4/build/gap_following/share/gap_following/hook/pythonpath_develop.dsv'
[3.086s] INFO:colcon.colcon_core.shell:Creating environment hook '/home/samugc/mobile_robotics_rpi4/build/gap_following/share/gap_following/hook/pythonpath_develop.sh'
[3.086s] Level 1:colcon.colcon_core.environment:checking '/home/samugc/mobile_robotics_rpi4/install/gap_following' for CMake module files
[3.087s] Level 1:colcon.colcon_core.environment:checking '/home/samugc/mobile_robotics_rpi4/install/gap_following' for CMake config files
[3.087s] Level 1:colcon.colcon_core.environment:checking '/home/samugc/mobile_robotics_rpi4/install/gap_following/lib'
[3.088s] Level 1:colcon.colcon_core.environment:checking '/home/samugc/mobile_robotics_rpi4/install/gap_following/bin'
[3.088s] Level 1:colcon.colcon_core.environment:checking '/home/samugc/mobile_robotics_rpi4/install/gap_following/lib/pkgconfig/gap_following.pc'
[3.088s] Level 1:colcon.colcon_core.environment:checking '/home/samugc/mobile_robotics_rpi4/install/gap_following/lib/python3.10/site-packages'
[3.088s] Level 1:colcon.colcon_core.shell:create_environment_hook('gap_following', 'pythonpath')
[3.088s] INFO:colcon.colcon_core.shell:Creating environment hook '/home/samugc/mobile_robotics_rpi4/install/gap_following/share/gap_following/hook/pythonpath.ps1'
[3.089s] INFO:colcon.colcon_core.shell:Creating environment descriptor '/home/samugc/mobile_robotics_rpi4/install/gap_following/share/gap_following/hook/pythonpath.dsv'
[3.089s] INFO:colcon.colcon_core.shell:Creating environment hook '/home/samugc/mobile_robotics_rpi4/install/gap_following/share/gap_following/hook/pythonpath.sh'
[3.090s] Level 1:colcon.colcon_core.environment:checking '/home/samugc/mobile_robotics_rpi4/install/gap_following/bin'
[3.090s] Level 1:colcon.colcon_core.environment:create_environment_scripts_only(gap_following)
[3.090s] INFO:colcon.colcon_core.shell:Creating package script '/home/samugc/mobile_robotics_rpi4/install/gap_following/share/gap_following/package.ps1'
[3.091s] INFO:colcon.colcon_core.shell:Creating package descriptor '/home/samugc/mobile_robotics_rpi4/install/gap_following/share/gap_following/package.dsv'
[3.092s] INFO:colcon.colcon_core.shell:Creating package script '/home/samugc/mobile_robotics_rpi4/install/gap_following/share/gap_following/package.sh'
[3.092s] INFO:colcon.colcon_core.shell:Creating package script '/home/samugc/mobile_robotics_rpi4/install/gap_following/share/gap_following/package.bash'
[3.093s] INFO:colcon.colcon_core.shell:Creating package script '/home/samugc/mobile_robotics_rpi4/install/gap_following/share/gap_following/package.zsh'
[3.093s] Level 1:colcon.colcon_core.environment:create_file_with_runtime_dependencies(/home/samugc/mobile_robotics_rpi4/install/gap_following/share/colcon-core/packages/gap_following)
[3.528s] Level 1:colcon.colcon_core.shell:create_environment_hook('wall_following', 'pythonpath_develop')
[3.528s] DEBUG:colcon.colcon_core.event_handler.log_command:Invoked command in '/home/samugc/mobile_robotics_rpi4/build/wall_following' returned '0': PYTHONPATH=/home/samugc/mobile_robotics_rpi4/build/wall_following/prefix_override:/usr/lib/python3/dist-packages/colcon_core/task/python/colcon_distutils_commands:/home/samugc/mobile_robotics_rpi4/install/wall_following/lib/python3.10/site-packages:${PYTHONPATH} /usr/bin/python3 -W ignore:setup.py install is deprecated -W ignore:easy_install command is deprecated setup.py develop --editable --build-directory /home/samugc/mobile_robotics_rpi4/build/wall_following/build --no-deps symlink_data
[3.528s] INFO:colcon.colcon_core.shell:Creating environment hook '/home/samugc/mobile_robotics_rpi4/build/wall_following/share/wall_following/hook/pythonpath_develop.ps1'
[3.529s] INFO:colcon.colcon_core.shell:Creating environment descriptor '/home/samugc/mobile_robotics_rpi4/build/wall_following/share/wall_following/hook/pythonpath_develop.dsv'
[3.530s] INFO:colcon.colcon_core.shell:Creating environment hook '/home/samugc/mobile_robotics_rpi4/build/wall_following/share/wall_following/hook/pythonpath_develop.sh'
[3.530s] Level 1:colcon.colcon_core.environment:checking '/home/samugc/mobile_robotics_rpi4/install/wall_following' for CMake module files
[3.531s] Level 1:colcon.colcon_core.environment:checking '/home/samugc/mobile_robotics_rpi4/install/wall_following' for CMake config files
[3.532s] Level 1:colcon.colcon_core.environment:checking '/home/samugc/mobile_robotics_rpi4/install/wall_following/lib'
[3.532s] Level 1:colcon.colcon_core.environment:checking '/home/samugc/mobile_robotics_rpi4/install/wall_following/bin'
[3.532s] Level 1:colcon.colcon_core.environment:checking '/home/samugc/mobile_robotics_rpi4/install/wall_following/lib/pkgconfig/wall_following.pc'
[3.532s] Level 1:colcon.colcon_core.environment:checking '/home/samugc/mobile_robotics_rpi4/install/wall_following/lib/python3.10/site-packages'
[3.532s] Level 1:colcon.colcon_core.shell:create_environment_hook('wall_following', 'pythonpath')
[3.533s] INFO:colcon.colcon_core.shell:Creating environment hook '/home/samugc/mobile_robotics_rpi4/install/wall_following/share/wall_following/hook/pythonpath.ps1'
[3.533s] INFO:colcon.colcon_core.shell:Creating environment descriptor '/home/samugc/mobile_robotics_rpi4/install/wall_following/share/wall_following/hook/pythonpath.dsv'
[3.534s] INFO:colcon.colcon_core.shell:Creating environment hook '/home/samugc/mobile_robotics_rpi4/install/wall_following/share/wall_following/hook/pythonpath.sh'
[3.534s] Level 1:colcon.colcon_core.environment:checking '/home/samugc/mobile_robotics_rpi4/install/wall_following/bin'
[3.534s] Level 1:colcon.colcon_core.environment:create_environment_scripts_only(wall_following)
[3.535s] INFO:colcon.colcon_core.shell:Creating package script '/home/samugc/mobile_robotics_rpi4/install/wall_following/share/wall_following/package.ps1'
[3.535s] INFO:colcon.colcon_core.shell:Creating package descriptor '/home/samugc/mobile_robotics_rpi4/install/wall_following/share/wall_following/package.dsv'
[3.536s] INFO:colcon.colcon_core.shell:Creating package script '/home/samugc/mobile_robotics_rpi4/install/wall_following/share/wall_following/package.sh'
[3.537s] INFO:colcon.colcon_core.shell:Creating package script '/home/samugc/mobile_robotics_rpi4/install/wall_following/share/wall_following/package.bash'
[3.537s] INFO:colcon.colcon_core.shell:Creating package script '/home/samugc/mobile_robotics_rpi4/install/wall_following/share/wall_following/package.zsh'
[3.537s] Level 1:colcon.colcon_core.environment:create_file_with_runtime_dependencies(/home/samugc/mobile_robotics_rpi4/install/wall_following/share/colcon-core/packages/wall_following)
[3.538s] DEBUG:colcon.colcon_parallel_executor.executor.parallel:closing loop
[3.538s] DEBUG:colcon.colcon_parallel_executor.executor.parallel:loop closed
[3.538s] DEBUG:colcon.colcon_parallel_executor.executor.parallel:run_until_complete finished with '0'
[3.538s] DEBUG:colcon.colcon_core.event_reactor:joining thread
[3.545s] INFO:colcon.colcon_core.plugin_system:Skipping extension 'colcon_notification.desktop_notification.terminal_notifier': Not used on non-Darwin systems
[3.545s] INFO:colcon.colcon_core.plugin_system:Skipping extension 'colcon_notification.desktop_notification.win32': Not used on non-Windows systems
[3.545s] INFO:colcon.colcon_notification.desktop_notification:Sending desktop notification using 'notify2'
[3.564s] DEBUG:colcon.colcon_core.event_reactor:joined thread
[3.564s] INFO:colcon.colcon_core.shell:Creating prefix script '/home/samugc/mobile_robotics_rpi4/install/local_setup.ps1'
[3.567s] INFO:colcon.colcon_core.shell:Creating prefix util module '/home/samugc/mobile_robotics_rpi4/install/_local_setup_util_ps1.py'
[3.571s] INFO:colcon.colcon_core.shell:Creating prefix chain script '/home/samugc/mobile_robotics_rpi4/install/setup.ps1'
[3.574s] INFO:colcon.colcon_core.shell:Creating prefix script '/home/samugc/mobile_robotics_rpi4/install/local_setup.sh'
[3.575s] INFO:colcon.colcon_core.shell:Creating prefix util module '/home/samugc/mobile_robotics_rpi4/install/_local_setup_util_sh.py'
[3.575s] INFO:colcon.colcon_core.shell:Creating prefix chain script '/home/samugc/mobile_robotics_rpi4/install/setup.sh'
[3.578s] INFO:colcon.colcon_core.shell:Creating prefix script '/home/samugc/mobile_robotics_rpi4/install/local_setup.bash'
[3.579s] INFO:colcon.colcon_core.shell:Creating prefix chain script '/home/samugc/mobile_robotics_rpi4/install/setup.bash'
[3.582s] INFO:colcon.colcon_core.shell:Creating prefix script '/home/samugc/mobile_robotics_rpi4/install/local_setup.zsh'
[3.583s] INFO:colcon.colcon_core.shell:Creating prefix chain script '/home/samugc/mobile_robotics_rpi4/install/setup.zsh'
