[2.873s] Invoking command in '/home/samugc/mobile_robotics_rpi4/build/gap_following': PYTHONPATH=/home/samugc/mobile_robotics_rpi4/build/gap_following/prefix_override:/usr/lib/python3/dist-packages/colcon_core/task/python/colcon_distutils_commands:/home/samugc/mobile_robotics_rpi4/install/gap_following/lib/python3.10/site-packages:${PYTHONPATH} /usr/bin/python3 -W ignore:setup.py install is deprecated -W ignore:easy_install command is deprecated setup.py develop --editable --build-directory /home/samugc/mobile_robotics_rpi4/build/gap_following/build --no-deps symlink_data
[3.849s] running develop
[4.286s] running egg_info
[4.287s] creating gap_following.egg-info
[4.287s] writing gap_following.egg-info/PKG-INFO
[4.288s] writing dependency_links to gap_following.egg-info/dependency_links.txt
[4.290s] writing entry points to gap_following.egg-info/entry_points.txt
[4.291s] writing requirements to gap_following.egg-info/requires.txt
[4.291s] writing top-level names to gap_following.egg-info/top_level.txt
[4.291s] writing manifest file 'gap_following.egg-info/SOURCES.txt'
[4.294s] reading manifest file 'gap_following.egg-info/SOURCES.txt'
[4.295s] writing manifest file 'gap_following.egg-info/SOURCES.txt'
[4.298s] running build_ext
[4.299s] Creating /home/samugc/mobile_robotics_rpi4/install/gap_following/lib/python3.10/site-packages/gap-following.egg-link (link to .)
[4.303s] Installing control_alpha_gap script to /home/samugc/mobile_robotics_rpi4/install/gap_following/lib/gap_following
[4.303s] Installing gap_finder script to /home/samugc/mobile_robotics_rpi4/install/gap_following/lib/gap_following
[4.303s] 
[4.303s] Installed /home/samugc/mobile_robotics_rpi4/build/gap_following
[4.303s] running symlink_data
[4.303s] creating /home/samugc/mobile_robotics_rpi4/install/gap_following/share/ament_index
[4.303s] creating /home/samugc/mobile_robotics_rpi4/install/gap_following/share/ament_index/resource_index
[4.303s] creating /home/samugc/mobile_robotics_rpi4/install/gap_following/share/ament_index/resource_index/packages
[4.304s] symbolically linking /home/samugc/mobile_robotics_rpi4/build/gap_following/resource/gap_following -> /home/samugc/mobile_robotics_rpi4/install/gap_following/share/ament_index/resource_index/packages
[4.304s] symbolically linking /home/samugc/mobile_robotics_rpi4/build/gap_following/package.xml -> /home/samugc/mobile_robotics_rpi4/install/gap_following/share/gap_following
[4.304s] creating /home/samugc/mobile_robotics_rpi4/install/gap_following/share/gap_following/launch
[4.304s] symbolically linking /home/samugc/mobile_robotics_rpi4/build/gap_following/launch/gap_following_alpha.launch.py -> /home/samugc/mobile_robotics_rpi4/install/gap_following/share/gap_following/launch
[4.399s] Invoked command in '/home/samugc/mobile_robotics_rpi4/build/gap_following' returned '0': PYTHONPATH=/home/samugc/mobile_robotics_rpi4/build/gap_following/prefix_override:/usr/lib/python3/dist-packages/colcon_core/task/python/colcon_distutils_commands:/home/samugc/mobile_robotics_rpi4/install/gap_following/lib/python3.10/site-packages:${PYTHONPATH} /usr/bin/python3 -W ignore:setup.py install is deprecated -W ignore:easy_install command is deprecated setup.py develop --editable --build-directory /home/samugc/mobile_robotics_rpi4/build/gap_following/build --no-deps symlink_data
