[0.135s] DEBUG:colcon:Command line arguments: ['/usr/bin/colcon', 'build', '--symlink-install']
[0.135s] DEBUG:colcon:Parsed command line arguments: Namespace(log_base=None, log_level=None, verb_name='build', build_base='build', install_base='install', merge_install=False, symlink_install=True, test_result_base=None, continue_on_error=False, executor='parallel', parallel_workers=4, event_handlers=None, ignore_user_meta=False, metas=['./colcon.meta'], base_paths=['.'], packages_ignore=None, packages_ignore_regex=None, paths=None, packages_up_to=None, packages_up_to_regex=None, packages_above=None, packages_above_and_dependencies=None, packages_above_depth=None, packages_select_by_dep=None, packages_skip_by_dep=None, packages_skip_up_to=None, packages_select_build_failed=False, packages_skip_build_finished=False, packages_select_test_failures=False, packages_skip_test_passed=False, packages_select=None, packages_skip=None, packages_select_regex=None, packages_skip_regex=None, packages_start=None, packages_end=None, allow_overriding=[], cmake_args=None, cmake_target=None, cmake_target_skip_unavailable=False, cmake_clean_cache=False, cmake_clean_first=False, cmake_force_configure=False, ament_cmake_args=None, catkin_cmake_args=None, catkin_skip_building_tests=False, mixin_files=None, mixin=None, verb_parser=<colcon_mixin.mixin.mixin_argument.MixinArgumentDecorator object at 0x79951ebeb760>, verb_extension=<colcon_core.verb.build.BuildVerb object at 0x79951ed30640>, main=<bound method BuildVerb.main of <colcon_core.verb.build.BuildVerb object at 0x79951ed30640>>, mixin_verb=('build',))
[0.361s] Level 1:colcon.colcon_core.package_discovery:discover_packages(colcon_meta) check parameters
[0.361s] Level 1:colcon.colcon_core.package_discovery:discover_packages(recursive) check parameters
[0.361s] Level 1:colcon.colcon_core.package_discovery:discover_packages(ignore) check parameters
[0.362s] Level 1:colcon.colcon_core.package_discovery:discover_packages(path) check parameters
[0.362s] Level 1:colcon.colcon_core.package_discovery:discover_packages(colcon_meta) discover
[0.362s] Level 1:colcon.colcon_core.package_discovery:discover_packages(recursive) discover
[0.362s] INFO:colcon.colcon_core.package_discovery:Crawling recursively for packages in '/home/samugc/mobile_robotics_rpi4'
[0.362s] Level 1:colcon.colcon_core.package_identification:_identify(.) by extensions ['ignore', 'ignore_ament_install']
[0.362s] Level 1:colcon.colcon_core.package_identification:_identify(.) by extension 'ignore'
[0.362s] Level 1:colcon.colcon_core.package_identification:_identify(.) by extension 'ignore_ament_install'
[0.362s] Level 1:colcon.colcon_core.package_identification:_identify(.) by extensions ['colcon_pkg']
[0.362s] Level 1:colcon.colcon_core.package_identification:_identify(.) by extension 'colcon_pkg'
[0.362s] Level 1:colcon.colcon_core.package_identification:_identify(.) by extensions ['colcon_meta']
[0.362s] Level 1:colcon.colcon_core.package_identification:_identify(.) by extension 'colcon_meta'
[0.362s] Level 1:colcon.colcon_core.package_identification:_identify(.) by extensions ['ros']
[0.362s] Level 1:colcon.colcon_core.package_identification:_identify(.) by extension 'ros'
[0.385s] Level 1:colcon.colcon_core.package_identification:_identify(.) by extensions ['cmake', 'python']
[0.386s] Level 1:colcon.colcon_core.package_identification:_identify(.) by extension 'cmake'
[0.386s] Level 1:colcon.colcon_core.package_identification:_identify(.) by extension 'python'
[0.386s] Level 1:colcon.colcon_core.package_identification:_identify(.) by extensions ['python_setup_py']
[0.386s] Level 1:colcon.colcon_core.package_identification:_identify(.) by extension 'python_setup_py'
[0.386s] Level 1:colcon.colcon_core.package_identification:_identify(build) by extensions ['ignore', 'ignore_ament_install']
[0.386s] Level 1:colcon.colcon_core.package_identification:_identify(build) by extension 'ignore'
[0.386s] Level 1:colcon.colcon_core.package_identification:_identify(build) ignored
[0.386s] Level 1:colcon.colcon_core.package_identification:_identify(car_control) by extensions ['ignore', 'ignore_ament_install']
[0.386s] Level 1:colcon.colcon_core.package_identification:_identify(car_control) by extension 'ignore'
[0.386s] Level 1:colcon.colcon_core.package_identification:_identify(car_control) by extension 'ignore_ament_install'
[0.386s] Level 1:colcon.colcon_core.package_identification:_identify(car_control) by extensions ['colcon_pkg']
[0.386s] Level 1:colcon.colcon_core.package_identification:_identify(car_control) by extension 'colcon_pkg'
[0.386s] Level 1:colcon.colcon_core.package_identification:_identify(car_control) by extensions ['colcon_meta']
[0.386s] Level 1:colcon.colcon_core.package_identification:_identify(car_control) by extension 'colcon_meta'
[0.387s] Level 1:colcon.colcon_core.package_identification:_identify(car_control) by extensions ['ros']
[0.387s] Level 1:colcon.colcon_core.package_identification:_identify(car_control) by extension 'ros'
[0.389s] DEBUG:colcon.colcon_core.package_identification:Package 'car_control' with type 'ros.ament_python' and name 'car_control'
[0.389s] Level 1:colcon.colcon_core.package_identification:_identify(gap_following) by extensions ['ignore', 'ignore_ament_install']
[0.389s] Level 1:colcon.colcon_core.package_identification:_identify(gap_following) by extension 'ignore'
[0.390s] Level 1:colcon.colcon_core.package_identification:_identify(gap_following) by extension 'ignore_ament_install'
[0.390s] Level 1:colcon.colcon_core.package_identification:_identify(gap_following) by extensions ['colcon_pkg']
[0.390s] Level 1:colcon.colcon_core.package_identification:_identify(gap_following) by extension 'colcon_pkg'
[0.390s] Level 1:colcon.colcon_core.package_identification:_identify(gap_following) by extensions ['colcon_meta']
[0.390s] Level 1:colcon.colcon_core.package_identification:_identify(gap_following) by extension 'colcon_meta'
[0.390s] Level 1:colcon.colcon_core.package_identification:_identify(gap_following) by extensions ['ros']
[0.390s] Level 1:colcon.colcon_core.package_identification:_identify(gap_following) by extension 'ros'
[0.390s] DEBUG:colcon.colcon_core.package_identification:Package 'gap_following' with type 'ros.ament_python' and name 'gap_following'
[0.391s] Level 1:colcon.colcon_core.package_identification:_identify(install) by extensions ['ignore', 'ignore_ament_install']
[0.391s] Level 1:colcon.colcon_core.package_identification:_identify(install) by extension 'ignore'
[0.391s] Level 1:colcon.colcon_core.package_identification:_identify(install) ignored
[0.391s] Level 1:colcon.colcon_core.package_identification:_identify(log) by extensions ['ignore', 'ignore_ament_install']
[0.391s] Level 1:colcon.colcon_core.package_identification:_identify(log) by extension 'ignore'
[0.391s] Level 1:colcon.colcon_core.package_identification:_identify(log) ignored
[0.391s] Level 1:colcon.colcon_core.package_identification:_identify(mobile_robotics) by extensions ['ignore', 'ignore_ament_install']
[0.391s] Level 1:colcon.colcon_core.package_identification:_identify(mobile_robotics) by extension 'ignore'
[0.391s] Level 1:colcon.colcon_core.package_identification:_identify(mobile_robotics) by extension 'ignore_ament_install'
[0.391s] Level 1:colcon.colcon_core.package_identification:_identify(mobile_robotics) by extensions ['colcon_pkg']
[0.391s] Level 1:colcon.colcon_core.package_identification:_identify(mobile_robotics) by extension 'colcon_pkg'
[0.391s] Level 1:colcon.colcon_core.package_identification:_identify(mobile_robotics) by extensions ['colcon_meta']
[0.391s] Level 1:colcon.colcon_core.package_identification:_identify(mobile_robotics) by extension 'colcon_meta'
[0.391s] Level 1:colcon.colcon_core.package_identification:_identify(mobile_robotics) by extensions ['ros']
[0.391s] Level 1:colcon.colcon_core.package_identification:_identify(mobile_robotics) by extension 'ros'
[0.392s] DEBUG:colcon.colcon_core.package_identification:Package 'mobile_robotics' with type 'ros.ament_cmake' and name 'mobile_robotics'
[0.392s] Level 1:colcon.colcon_core.package_identification:_identify(rplidar_ros) by extensions ['ignore', 'ignore_ament_install']
[0.393s] Level 1:colcon.colcon_core.package_identification:_identify(rplidar_ros) by extension 'ignore'
[0.393s] Level 1:colcon.colcon_core.package_identification:_identify(rplidar_ros) by extension 'ignore_ament_install'
[0.393s] Level 1:colcon.colcon_core.package_identification:_identify(rplidar_ros) by extensions ['colcon_pkg']
[0.393s] Level 1:colcon.colcon_core.package_identification:_identify(rplidar_ros) by extension 'colcon_pkg'
[0.393s] Level 1:colcon.colcon_core.package_identification:_identify(rplidar_ros) by extensions ['colcon_meta']
[0.393s] Level 1:colcon.colcon_core.package_identification:_identify(rplidar_ros) by extension 'colcon_meta'
[0.393s] Level 1:colcon.colcon_core.package_identification:_identify(rplidar_ros) by extensions ['ros']
[0.393s] Level 1:colcon.colcon_core.package_identification:_identify(rplidar_ros) by extension 'ros'
[0.394s] DEBUG:colcon.colcon_core.package_identification:Package 'rplidar_ros' with type 'ros.ament_cmake' and name 'rplidar_ros'
[0.394s] Level 1:colcon.colcon_core.package_identification:_identify(wall_following) by extensions ['ignore', 'ignore_ament_install']
[0.394s] Level 1:colcon.colcon_core.package_identification:_identify(wall_following) by extension 'ignore'
[0.394s] Level 1:colcon.colcon_core.package_identification:_identify(wall_following) by extension 'ignore_ament_install'
[0.394s] Level 1:colcon.colcon_core.package_identification:_identify(wall_following) by extensions ['colcon_pkg']
[0.394s] Level 1:colcon.colcon_core.package_identification:_identify(wall_following) by extension 'colcon_pkg'
[0.394s] Level 1:colcon.colcon_core.package_identification:_identify(wall_following) by extensions ['colcon_meta']
[0.394s] Level 1:colcon.colcon_core.package_identification:_identify(wall_following) by extension 'colcon_meta'
[0.394s] Level 1:colcon.colcon_core.package_identification:_identify(wall_following) by extensions ['ros']
[0.394s] Level 1:colcon.colcon_core.package_identification:_identify(wall_following) by extension 'ros'
[0.395s] DEBUG:colcon.colcon_core.package_identification:Package 'wall_following' with type 'ros.ament_python' and name 'wall_following'
[0.395s] Level 1:colcon.colcon_core.package_discovery:discover_packages(recursive) using defaults
[0.395s] Level 1:colcon.colcon_core.package_discovery:discover_packages(ignore) discover
[0.395s] Level 1:colcon.colcon_core.package_discovery:discover_packages(ignore) using defaults
[0.395s] Level 1:colcon.colcon_core.package_discovery:discover_packages(path) discover
[0.395s] Level 1:colcon.colcon_core.package_discovery:discover_packages(path) using defaults
[0.419s] Level 1:colcon.colcon_core.package_discovery:discover_packages(prefix_path) check parameters
[0.419s] Level 1:colcon.colcon_core.package_discovery:discover_packages(prefix_path) discover
[0.421s] DEBUG:colcon.colcon_installed_package_information.package_discovery:Found 0 installed packages in /home/samugc/ros2_ws_2501_v2/install
[0.422s] DEBUG:colcon.colcon_installed_package_information.package_discovery:Found 3 installed packages in /home/samugc/Ros2-2025-01-mobile-robotics/install
[0.422s] DEBUG:colcon.colcon_installed_package_information.package_discovery:Found 5 installed packages in /home/samugc/ros2_ws_2501/install
[0.423s] DEBUG:colcon.colcon_installed_package_information.package_discovery:Found 1 installed packages in /home/samugc/ros2_ws/install
[0.425s] DEBUG:colcon.colcon_installed_package_information.package_discovery:Found 393 installed packages in /opt/ros/humble
[0.428s] Level 1:colcon.colcon_core.package_discovery:discover_packages(prefix_path) using defaults
[0.485s] Level 5:colcon.colcon_core.verb:set package 'car_control' build argument 'cmake_args' from command line to 'None'
[0.485s] Level 5:colcon.colcon_core.verb:set package 'car_control' build argument 'cmake_target' from command line to 'None'
[0.485s] Level 5:colcon.colcon_core.verb:set package 'car_control' build argument 'cmake_target_skip_unavailable' from command line to 'False'
[0.485s] Level 5:colcon.colcon_core.verb:set package 'car_control' build argument 'cmake_clean_cache' from command line to 'False'
[0.485s] Level 5:colcon.colcon_core.verb:set package 'car_control' build argument 'cmake_clean_first' from command line to 'False'
[0.485s] Level 5:colcon.colcon_core.verb:set package 'car_control' build argument 'cmake_force_configure' from command line to 'False'
[0.485s] Level 5:colcon.colcon_core.verb:set package 'car_control' build argument 'ament_cmake_args' from command line to 'None'
[0.485s] Level 5:colcon.colcon_core.verb:set package 'car_control' build argument 'catkin_cmake_args' from command line to 'None'
[0.485s] Level 5:colcon.colcon_core.verb:set package 'car_control' build argument 'catkin_skip_building_tests' from command line to 'False'
[0.485s] DEBUG:colcon.colcon_core.verb:Building package 'car_control' with the following arguments: {'ament_cmake_args': None, 'build_base': '/home/samugc/mobile_robotics_rpi4/build/car_control', 'catkin_cmake_args': None, 'catkin_skip_building_tests': False, 'cmake_args': None, 'cmake_clean_cache': False, 'cmake_clean_first': False, 'cmake_force_configure': False, 'cmake_target': None, 'cmake_target_skip_unavailable': False, 'install_base': '/home/samugc/mobile_robotics_rpi4/install/car_control', 'merge_install': False, 'path': '/home/samugc/mobile_robotics_rpi4/car_control', 'symlink_install': True, 'test_result_base': None}
[0.486s] Level 5:colcon.colcon_core.verb:set package 'gap_following' build argument 'cmake_args' from command line to 'None'
[0.486s] Level 5:colcon.colcon_core.verb:set package 'gap_following' build argument 'cmake_target' from command line to 'None'
[0.486s] Level 5:colcon.colcon_core.verb:set package 'gap_following' build argument 'cmake_target_skip_unavailable' from command line to 'False'
[0.486s] Level 5:colcon.colcon_core.verb:set package 'gap_following' build argument 'cmake_clean_cache' from command line to 'False'
[0.486s] Level 5:colcon.colcon_core.verb:set package 'gap_following' build argument 'cmake_clean_first' from command line to 'False'
[0.486s] Level 5:colcon.colcon_core.verb:set package 'gap_following' build argument 'cmake_force_configure' from command line to 'False'
[0.486s] Level 5:colcon.colcon_core.verb:set package 'gap_following' build argument 'ament_cmake_args' from command line to 'None'
[0.486s] Level 5:colcon.colcon_core.verb:set package 'gap_following' build argument 'catkin_cmake_args' from command line to 'None'
[0.486s] Level 5:colcon.colcon_core.verb:set package 'gap_following' build argument 'catkin_skip_building_tests' from command line to 'False'
[0.486s] DEBUG:colcon.colcon_core.verb:Building package 'gap_following' with the following arguments: {'ament_cmake_args': None, 'build_base': '/home/samugc/mobile_robotics_rpi4/build/gap_following', 'catkin_cmake_args': None, 'catkin_skip_building_tests': False, 'cmake_args': None, 'cmake_clean_cache': False, 'cmake_clean_first': False, 'cmake_force_configure': False, 'cmake_target': None, 'cmake_target_skip_unavailable': False, 'install_base': '/home/samugc/mobile_robotics_rpi4/install/gap_following', 'merge_install': False, 'path': '/home/samugc/mobile_robotics_rpi4/gap_following', 'symlink_install': True, 'test_result_base': None}
[0.486s] Level 5:colcon.colcon_core.verb:set package 'mobile_robotics' build argument 'cmake_args' from command line to 'None'
[0.486s] Level 5:colcon.colcon_core.verb:set package 'mobile_robotics' build argument 'cmake_target' from command line to 'None'
[0.486s] Level 5:colcon.colcon_core.verb:set package 'mobile_robotics' build argument 'cmake_target_skip_unavailable' from command line to 'False'
[0.486s] Level 5:colcon.colcon_core.verb:set package 'mobile_robotics' build argument 'cmake_clean_cache' from command line to 'False'
[0.486s] Level 5:colcon.colcon_core.verb:set package 'mobile_robotics' build argument 'cmake_clean_first' from command line to 'False'
[0.486s] Level 5:colcon.colcon_core.verb:set package 'mobile_robotics' build argument 'cmake_force_configure' from command line to 'False'
[0.486s] Level 5:colcon.colcon_core.verb:set package 'mobile_robotics' build argument 'ament_cmake_args' from command line to 'None'
[0.486s] Level 5:colcon.colcon_core.verb:set package 'mobile_robotics' build argument 'catkin_cmake_args' from command line to 'None'
[0.486s] Level 5:colcon.colcon_core.verb:set package 'mobile_robotics' build argument 'catkin_skip_building_tests' from command line to 'False'
[0.486s] DEBUG:colcon.colcon_core.verb:Building package 'mobile_robotics' with the following arguments: {'ament_cmake_args': None, 'build_base': '/home/samugc/mobile_robotics_rpi4/build/mobile_robotics', 'catkin_cmake_args': None, 'catkin_skip_building_tests': False, 'cmake_args': None, 'cmake_clean_cache': False, 'cmake_clean_first': False, 'cmake_force_configure': False, 'cmake_target': None, 'cmake_target_skip_unavailable': False, 'install_base': '/home/samugc/mobile_robotics_rpi4/install/mobile_robotics', 'merge_install': False, 'path': '/home/samugc/mobile_robotics_rpi4/mobile_robotics', 'symlink_install': True, 'test_result_base': None}
[0.487s] Level 5:colcon.colcon_core.verb:set package 'rplidar_ros' build argument 'cmake_args' from command line to 'None'
[0.487s] Level 5:colcon.colcon_core.verb:set package 'rplidar_ros' build argument 'cmake_target' from command line to 'None'
[0.487s] Level 5:colcon.colcon_core.verb:set package 'rplidar_ros' build argument 'cmake_target_skip_unavailable' from command line to 'False'
[0.487s] Level 5:colcon.colcon_core.verb:set package 'rplidar_ros' build argument 'cmake_clean_cache' from command line to 'False'
[0.487s] Level 5:colcon.colcon_core.verb:set package 'rplidar_ros' build argument 'cmake_clean_first' from command line to 'False'
[0.487s] Level 5:colcon.colcon_core.verb:set package 'rplidar_ros' build argument 'cmake_force_configure' from command line to 'False'
[0.487s] Level 5:colcon.colcon_core.verb:set package 'rplidar_ros' build argument 'ament_cmake_args' from command line to 'None'
[0.487s] Level 5:colcon.colcon_core.verb:set package 'rplidar_ros' build argument 'catkin_cmake_args' from command line to 'None'
[0.487s] Level 5:colcon.colcon_core.verb:set package 'rplidar_ros' build argument 'catkin_skip_building_tests' from command line to 'False'
[0.487s] DEBUG:colcon.colcon_core.verb:Building package 'rplidar_ros' with the following arguments: {'ament_cmake_args': None, 'build_base': '/home/samugc/mobile_robotics_rpi4/build/rplidar_ros', 'catkin_cmake_args': None, 'catkin_skip_building_tests': False, 'cmake_args': None, 'cmake_clean_cache': False, 'cmake_clean_first': False, 'cmake_force_configure': False, 'cmake_target': None, 'cmake_target_skip_unavailable': False, 'install_base': '/home/samugc/mobile_robotics_rpi4/install/rplidar_ros', 'merge_install': False, 'path': '/home/samugc/mobile_robotics_rpi4/rplidar_ros', 'symlink_install': True, 'test_result_base': None}
[0.488s] Level 5:colcon.colcon_core.verb:set package 'wall_following' build argument 'cmake_args' from command line to 'None'
[0.488s] Level 5:colcon.colcon_core.verb:set package 'wall_following' build argument 'cmake_target' from command line to 'None'
[0.488s] Level 5:colcon.colcon_core.verb:set package 'wall_following' build argument 'cmake_target_skip_unavailable' from command line to 'False'
[0.488s] Level 5:colcon.colcon_core.verb:set package 'wall_following' build argument 'cmake_clean_cache' from command line to 'False'
[0.488s] Level 5:colcon.colcon_core.verb:set package 'wall_following' build argument 'cmake_clean_first' from command line to 'False'
[0.488s] Level 5:colcon.colcon_core.verb:set package 'wall_following' build argument 'cmake_force_configure' from command line to 'False'
[0.488s] Level 5:colcon.colcon_core.verb:set package 'wall_following' build argument 'ament_cmake_args' from command line to 'None'
[0.488s] Level 5:colcon.colcon_core.verb:set package 'wall_following' build argument 'catkin_cmake_args' from command line to 'None'
[0.488s] Level 5:colcon.colcon_core.verb:set package 'wall_following' build argument 'catkin_skip_building_tests' from command line to 'False'
[0.488s] DEBUG:colcon.colcon_core.verb:Building package 'wall_following' with the following arguments: {'ament_cmake_args': None, 'build_base': '/home/samugc/mobile_robotics_rpi4/build/wall_following', 'catkin_cmake_args': None, 'catkin_skip_building_tests': False, 'cmake_args': None, 'cmake_clean_cache': False, 'cmake_clean_first': False, 'cmake_force_configure': False, 'cmake_target': None, 'cmake_target_skip_unavailable': False, 'install_base': '/home/samugc/mobile_robotics_rpi4/install/wall_following', 'merge_install': False, 'path': '/home/samugc/mobile_robotics_rpi4/wall_following', 'symlink_install': True, 'test_result_base': None}
[0.488s] INFO:colcon.colcon_core.executor:Executing jobs using 'parallel' executor
[0.489s] DEBUG:colcon.colcon_parallel_executor.executor.parallel:run_until_complete
[0.489s] INFO:colcon.colcon_ros.task.ament_python.build:Building ROS package in '/home/samugc/mobile_robotics_rpi4/car_control' with build type 'ament_python'
[0.489s] Level 1:colcon.colcon_core.shell:create_environment_hook('car_control', 'ament_prefix_path')
[0.492s] INFO:colcon.colcon_core.plugin_system:Skipping extension 'colcon_core.shell.bat': Not used on non-Windows systems
[0.492s] INFO:colcon.colcon_core.shell:Creating environment hook '/home/samugc/mobile_robotics_rpi4/install/car_control/share/car_control/hook/ament_prefix_path.ps1'
[0.493s] INFO:colcon.colcon_core.shell:Creating environment descriptor '/home/samugc/mobile_robotics_rpi4/install/car_control/share/car_control/hook/ament_prefix_path.dsv'
[0.493s] INFO:colcon.colcon_core.shell:Creating environment hook '/home/samugc/mobile_robotics_rpi4/install/car_control/share/car_control/hook/ament_prefix_path.sh'
[0.494s] INFO:colcon.colcon_core.shell:Skip shell extension 'powershell' for command environment: Not usable outside of PowerShell
[0.494s] DEBUG:colcon.colcon_core.shell:Skip shell extension 'dsv' for command environment
[0.500s] INFO:colcon.colcon_ros.task.ament_python.build:Building ROS package in '/home/samugc/mobile_robotics_rpi4/gap_following' with build type 'ament_python'
[0.500s] Level 1:colcon.colcon_core.shell:create_environment_hook('gap_following', 'ament_prefix_path')
[0.500s] INFO:colcon.colcon_core.shell:Creating environment hook '/home/samugc/mobile_robotics_rpi4/install/gap_following/share/gap_following/hook/ament_prefix_path.ps1'
[0.501s] INFO:colcon.colcon_core.shell:Creating environment descriptor '/home/samugc/mobile_robotics_rpi4/install/gap_following/share/gap_following/hook/ament_prefix_path.dsv'
[0.502s] INFO:colcon.colcon_core.shell:Creating environment hook '/home/samugc/mobile_robotics_rpi4/install/gap_following/share/gap_following/hook/ament_prefix_path.sh'
[0.503s] INFO:colcon.colcon_core.shell:Skip shell extension 'powershell' for command environment: Not usable outside of PowerShell
[0.503s] DEBUG:colcon.colcon_core.shell:Skip shell extension 'dsv' for command environment
[0.508s] INFO:colcon.colcon_ros.task.ament_cmake.build:Building ROS package in '/home/samugc/mobile_robotics_rpi4/mobile_robotics' with build type 'ament_cmake'
[0.508s] INFO:colcon.colcon_cmake.task.cmake.build:Building CMake package in '/home/samugc/mobile_robotics_rpi4/mobile_robotics'
[0.509s] INFO:colcon.colcon_core.shell:Skip shell extension 'powershell' for command environment: Not usable outside of PowerShell
[0.509s] DEBUG:colcon.colcon_core.shell:Skip shell extension 'dsv' for command environment
[0.514s] INFO:colcon.colcon_ros.task.ament_cmake.build:Building ROS package in '/home/samugc/mobile_robotics_rpi4/rplidar_ros' with build type 'ament_cmake'
[0.515s] INFO:colcon.colcon_cmake.task.cmake.build:Building CMake package in '/home/samugc/mobile_robotics_rpi4/rplidar_ros'
[0.515s] INFO:colcon.colcon_core.shell:Skip shell extension 'powershell' for command environment: Not usable outside of PowerShell
[0.515s] DEBUG:colcon.colcon_core.shell:Skip shell extension 'dsv' for command environment
[0.879s] INFO:colcon.colcon_core.task.python.build:Building Python package in '/home/samugc/mobile_robotics_rpi4/car_control'
[0.879s] INFO:colcon.colcon_core.shell:Skip shell extension 'powershell' for command environment: Not usable outside of PowerShell
[0.879s] DEBUG:colcon.colcon_core.shell:Skip shell extension 'dsv' for command environment
[1.229s] INFO:colcon.colcon_core.task.python.build:Building Python package in '/home/samugc/mobile_robotics_rpi4/gap_following'
[1.229s] INFO:colcon.colcon_core.shell:Skip shell extension 'powershell' for command environment: Not usable outside of PowerShell
[1.229s] DEBUG:colcon.colcon_core.shell:Skip shell extension 'dsv' for command environment
[1.240s] DEBUG:colcon.colcon_core.event_handler.log_command:Invoking command in '/home/samugc/mobile_robotics_rpi4/build/mobile_robotics': CMAKE_PREFIX_PATH=${CMAKE_PREFIX_PATH}:/home/samugc/Ros2-2025-01-mobile-robotics/install/joy_tester:/home/samugc/ros2_ws_2501/install/test_pkg:/home/samugc/ros2_ws_2501/install/ldr_pkg:/home/samugc/ros2_ws_2501/install/joy_tester:/home/samugc/ros2_ws/install/my_robot_controller:/opt/ros/humble /usr/bin/cmake --build /home/samugc/mobile_robotics_rpi4/build/mobile_robotics -- -j4 -l4
[1.249s] DEBUG:colcon.colcon_core.event_handler.log_command:Invoking command in '/home/samugc/mobile_robotics_rpi4/build/rplidar_ros': CMAKE_PREFIX_PATH=${CMAKE_PREFIX_PATH}:/home/samugc/Ros2-2025-01-mobile-robotics/install/joy_tester:/home/samugc/ros2_ws_2501/install/test_pkg:/home/samugc/ros2_ws_2501/install/ldr_pkg:/home/samugc/ros2_ws_2501/install/joy_tester:/home/samugc/ros2_ws/install/my_robot_controller:/opt/ros/humble /usr/bin/cmake --build /home/samugc/mobile_robotics_rpi4/build/rplidar_ros -- -j4 -l4
[1.420s] DEBUG:colcon.colcon_core.event_handler.log_command:Invoked command in '/home/samugc/mobile_robotics_rpi4/build/rplidar_ros' returned '0': CMAKE_PREFIX_PATH=${CMAKE_PREFIX_PATH}:/home/samugc/Ros2-2025-01-mobile-robotics/install/joy_tester:/home/samugc/ros2_ws_2501/install/test_pkg:/home/samugc/ros2_ws_2501/install/ldr_pkg:/home/samugc/ros2_ws_2501/install/joy_tester:/home/samugc/ros2_ws/install/my_robot_controller:/opt/ros/humble /usr/bin/cmake --build /home/samugc/mobile_robotics_rpi4/build/rplidar_ros -- -j4 -l4
[1.436s] DEBUG:colcon.colcon_core.event_handler.log_command:Invoking command in '/home/samugc/mobile_robotics_rpi4/build/rplidar_ros': CMAKE_PREFIX_PATH=${CMAKE_PREFIX_PATH}:/home/samugc/Ros2-2025-01-mobile-robotics/install/joy_tester:/home/samugc/ros2_ws_2501/install/test_pkg:/home/samugc/ros2_ws_2501/install/ldr_pkg:/home/samugc/ros2_ws_2501/install/joy_tester:/home/samugc/ros2_ws/install/my_robot_controller:/opt/ros/humble /usr/bin/cmake --install /home/samugc/mobile_robotics_rpi4/build/rplidar_ros
[1.481s] Level 1:colcon.colcon_core.environment:create_environment_scripts_only(rplidar_ros)
[1.484s] DEBUG:colcon.colcon_core.event_handler.log_command:Invoked command in '/home/samugc/mobile_robotics_rpi4/build/rplidar_ros' returned '0': CMAKE_PREFIX_PATH=${CMAKE_PREFIX_PATH}:/home/samugc/Ros2-2025-01-mobile-robotics/install/joy_tester:/home/samugc/ros2_ws_2501/install/test_pkg:/home/samugc/ros2_ws_2501/install/ldr_pkg:/home/samugc/ros2_ws_2501/install/joy_tester:/home/samugc/ros2_ws/install/my_robot_controller:/opt/ros/humble /usr/bin/cmake --install /home/samugc/mobile_robotics_rpi4/build/rplidar_ros
[1.487s] Level 1:colcon.colcon_core.environment:checking '/home/samugc/mobile_robotics_rpi4/install/rplidar_ros' for CMake module files
[1.488s] Level 1:colcon.colcon_core.environment:checking '/home/samugc/mobile_robotics_rpi4/install/rplidar_ros' for CMake config files
[1.488s] Level 1:colcon.colcon_core.shell:create_environment_hook('rplidar_ros', 'cmake_prefix_path')
[1.489s] INFO:colcon.colcon_core.shell:Creating environment hook '/home/samugc/mobile_robotics_rpi4/install/rplidar_ros/share/rplidar_ros/hook/cmake_prefix_path.ps1'
[1.489s] INFO:colcon.colcon_core.shell:Creating environment descriptor '/home/samugc/mobile_robotics_rpi4/install/rplidar_ros/share/rplidar_ros/hook/cmake_prefix_path.dsv'
[1.490s] INFO:colcon.colcon_core.shell:Creating environment hook '/home/samugc/mobile_robotics_rpi4/install/rplidar_ros/share/rplidar_ros/hook/cmake_prefix_path.sh'
[1.491s] Level 1:colcon.colcon_core.environment:checking '/home/samugc/mobile_robotics_rpi4/install/rplidar_ros/lib'
[1.492s] Level 1:colcon.colcon_core.environment:checking '/home/samugc/mobile_robotics_rpi4/install/rplidar_ros/bin'
[1.492s] Level 1:colcon.colcon_core.environment:checking '/home/samugc/mobile_robotics_rpi4/install/rplidar_ros/lib/pkgconfig/rplidar_ros.pc'
[1.492s] Level 1:colcon.colcon_core.environment:checking '/home/samugc/mobile_robotics_rpi4/install/rplidar_ros/lib/python3.10/site-packages'
[1.493s] Level 1:colcon.colcon_core.environment:checking '/home/samugc/mobile_robotics_rpi4/install/rplidar_ros/bin'
[1.493s] INFO:colcon.colcon_core.shell:Creating package script '/home/samugc/mobile_robotics_rpi4/install/rplidar_ros/share/rplidar_ros/package.ps1'
[1.495s] INFO:colcon.colcon_core.shell:Creating package descriptor '/home/samugc/mobile_robotics_rpi4/install/rplidar_ros/share/rplidar_ros/package.dsv'
[1.497s] INFO:colcon.colcon_core.shell:Creating package script '/home/samugc/mobile_robotics_rpi4/install/rplidar_ros/share/rplidar_ros/package.sh'
[1.498s] INFO:colcon.colcon_core.shell:Creating package script '/home/samugc/mobile_robotics_rpi4/install/rplidar_ros/share/rplidar_ros/package.bash'
[1.500s] INFO:colcon.colcon_core.shell:Creating package script '/home/samugc/mobile_robotics_rpi4/install/rplidar_ros/share/rplidar_ros/package.zsh'
[1.501s] Level 1:colcon.colcon_core.environment:create_file_with_runtime_dependencies(/home/samugc/mobile_robotics_rpi4/install/rplidar_ros/share/colcon-core/packages/rplidar_ros)
[1.502s] Level 1:colcon.colcon_core.environment:create_environment_scripts_only(rplidar_ros)
[1.503s] Level 1:colcon.colcon_core.environment:checking '/home/samugc/mobile_robotics_rpi4/install/rplidar_ros' for CMake module files
[1.504s] Level 1:colcon.colcon_core.environment:checking '/home/samugc/mobile_robotics_rpi4/install/rplidar_ros' for CMake config files
[1.504s] Level 1:colcon.colcon_core.shell:create_environment_hook('rplidar_ros', 'cmake_prefix_path')
[1.504s] INFO:colcon.colcon_core.shell:Creating environment hook '/home/samugc/mobile_robotics_rpi4/install/rplidar_ros/share/rplidar_ros/hook/cmake_prefix_path.ps1'
[1.506s] INFO:colcon.colcon_core.shell:Creating environment descriptor '/home/samugc/mobile_robotics_rpi4/install/rplidar_ros/share/rplidar_ros/hook/cmake_prefix_path.dsv'
[1.506s] INFO:colcon.colcon_core.shell:Creating environment hook '/home/samugc/mobile_robotics_rpi4/install/rplidar_ros/share/rplidar_ros/hook/cmake_prefix_path.sh'
[1.507s] Level 1:colcon.colcon_core.environment:checking '/home/samugc/mobile_robotics_rpi4/install/rplidar_ros/lib'
[1.508s] Level 1:colcon.colcon_core.environment:checking '/home/samugc/mobile_robotics_rpi4/install/rplidar_ros/bin'
[1.508s] Level 1:colcon.colcon_core.environment:checking '/home/samugc/mobile_robotics_rpi4/install/rplidar_ros/lib/pkgconfig/rplidar_ros.pc'
[1.508s] Level 1:colcon.colcon_core.environment:checking '/home/samugc/mobile_robotics_rpi4/install/rplidar_ros/lib/python3.10/site-packages'
[1.508s] Level 1:colcon.colcon_core.environment:checking '/home/samugc/mobile_robotics_rpi4/install/rplidar_ros/bin'
[1.509s] INFO:colcon.colcon_core.shell:Creating package script '/home/samugc/mobile_robotics_rpi4/install/rplidar_ros/share/rplidar_ros/package.ps1'
[1.510s] INFO:colcon.colcon_core.shell:Creating package descriptor '/home/samugc/mobile_robotics_rpi4/install/rplidar_ros/share/rplidar_ros/package.dsv'
[1.511s] INFO:colcon.colcon_core.shell:Creating package script '/home/samugc/mobile_robotics_rpi4/install/rplidar_ros/share/rplidar_ros/package.sh'
[1.512s] INFO:colcon.colcon_core.shell:Creating package script '/home/samugc/mobile_robotics_rpi4/install/rplidar_ros/share/rplidar_ros/package.bash'
[1.513s] INFO:colcon.colcon_core.shell:Creating package script '/home/samugc/mobile_robotics_rpi4/install/rplidar_ros/share/rplidar_ros/package.zsh'
[1.513s] Level 1:colcon.colcon_core.environment:create_file_with_runtime_dependencies(/home/samugc/mobile_robotics_rpi4/install/rplidar_ros/share/colcon-core/packages/rplidar_ros)
[1.515s] INFO:colcon.colcon_ros.task.ament_python.build:Building ROS package in '/home/samugc/mobile_robotics_rpi4/wall_following' with build type 'ament_python'
[1.515s] Level 1:colcon.colcon_core.shell:create_environment_hook('wall_following', 'ament_prefix_path')
[1.516s] INFO:colcon.colcon_core.shell:Creating environment hook '/home/samugc/mobile_robotics_rpi4/install/wall_following/share/wall_following/hook/ament_prefix_path.ps1'
[1.516s] INFO:colcon.colcon_core.shell:Creating environment descriptor '/home/samugc/mobile_robotics_rpi4/install/wall_following/share/wall_following/hook/ament_prefix_path.dsv'
[1.517s] INFO:colcon.colcon_core.shell:Creating environment hook '/home/samugc/mobile_robotics_rpi4/install/wall_following/share/wall_following/hook/ament_prefix_path.sh'
[1.518s] INFO:colcon.colcon_core.shell:Skip shell extension 'powershell' for command environment: Not usable outside of PowerShell
[1.518s] DEBUG:colcon.colcon_core.shell:Skip shell extension 'dsv' for command environment
[2.193s] INFO:colcon.colcon_core.task.python.build:Building Python package in '/home/samugc/mobile_robotics_rpi4/wall_following'
[2.194s] INFO:colcon.colcon_core.shell:Skip shell extension 'powershell' for command environment: Not usable outside of PowerShell
[2.194s] DEBUG:colcon.colcon_core.shell:Skip shell extension 'dsv' for command environment
[2.206s] DEBUG:colcon.colcon_core.event_handler.log_command:Invoking command in '/home/samugc/mobile_robotics_rpi4/build/car_control': PYTHONPATH=/home/samugc/mobile_robotics_rpi4/build/car_control/prefix_override:/usr/lib/python3/dist-packages/colcon_core/task/python/colcon_distutils_commands:/home/samugc/mobile_robotics_rpi4/install/car_control/lib/python3.10/site-packages:${PYTHONPATH} /usr/bin/python3 -W ignore:setup.py install is deprecated -W ignore:easy_install command is deprecated setup.py develop --editable --build-directory /home/samugc/mobile_robotics_rpi4/build/car_control/build --no-deps symlink_data
[2.233s] DEBUG:colcon.colcon_core.event_handler.log_command:Invoking command in '/home/samugc/mobile_robotics_rpi4/build/gap_following': PYTHONPATH=/home/samugc/mobile_robotics_rpi4/build/gap_following/prefix_override:/usr/lib/python3/dist-packages/colcon_core/task/python/colcon_distutils_commands:/home/samugc/mobile_robotics_rpi4/install/gap_following/lib/python3.10/site-packages:${PYTHONPATH} /usr/bin/python3 -W ignore:setup.py install is deprecated -W ignore:easy_install command is deprecated setup.py develop --editable --build-directory /home/samugc/mobile_robotics_rpi4/build/gap_following/build --no-deps symlink_data
[3.084s] DEBUG:colcon.colcon_core.event_handler.log_command:Invoking command in '/home/samugc/mobile_robotics_rpi4/build/wall_following': PYTHONPATH=/home/samugc/mobile_robotics_rpi4/build/wall_following/prefix_override:/usr/lib/python3/dist-packages/colcon_core/task/python/colcon_distutils_commands:/home/samugc/mobile_robotics_rpi4/install/wall_following/lib/python3.10/site-packages:${PYTHONPATH} /usr/bin/python3 -W ignore:setup.py install is deprecated -W ignore:easy_install command is deprecated setup.py develop --editable --build-directory /home/samugc/mobile_robotics_rpi4/build/wall_following/build --no-deps symlink_data
[3.388s] Level 1:colcon.colcon_core.shell:create_environment_hook('car_control', 'pythonpath_develop')
[3.389s] INFO:colcon.colcon_core.shell:Creating environment hook '/home/samugc/mobile_robotics_rpi4/build/car_control/share/car_control/hook/pythonpath_develop.ps1'
[3.390s] INFO:colcon.colcon_core.shell:Creating environment descriptor '/home/samugc/mobile_robotics_rpi4/build/car_control/share/car_control/hook/pythonpath_develop.dsv'
[3.391s] INFO:colcon.colcon_core.shell:Creating environment hook '/home/samugc/mobile_robotics_rpi4/build/car_control/share/car_control/hook/pythonpath_develop.sh'
[3.390s] DEBUG:colcon.colcon_core.event_handler.log_command:Invoked command in '/home/samugc/mobile_robotics_rpi4/build/car_control' returned '0': PYTHONPATH=/home/samugc/mobile_robotics_rpi4/build/car_control/prefix_override:/usr/lib/python3/dist-packages/colcon_core/task/python/colcon_distutils_commands:/home/samugc/mobile_robotics_rpi4/install/car_control/lib/python3.10/site-packages:${PYTHONPATH} /usr/bin/python3 -W ignore:setup.py install is deprecated -W ignore:easy_install command is deprecated setup.py develop --editable --build-directory /home/samugc/mobile_robotics_rpi4/build/car_control/build --no-deps symlink_data
[3.393s] Level 1:colcon.colcon_core.environment:checking '/home/samugc/mobile_robotics_rpi4/install/car_control' for CMake module files
[3.394s] Level 1:colcon.colcon_core.environment:checking '/home/samugc/mobile_robotics_rpi4/install/car_control' for CMake config files
[3.395s] Level 1:colcon.colcon_core.environment:checking '/home/samugc/mobile_robotics_rpi4/install/car_control/lib'
[3.395s] Level 1:colcon.colcon_core.environment:checking '/home/samugc/mobile_robotics_rpi4/install/car_control/bin'
[3.395s] Level 1:colcon.colcon_core.environment:checking '/home/samugc/mobile_robotics_rpi4/install/car_control/lib/pkgconfig/car_control.pc'
[3.395s] Level 1:colcon.colcon_core.environment:checking '/home/samugc/mobile_robotics_rpi4/install/car_control/lib/python3.10/site-packages'
[3.396s] Level 1:colcon.colcon_core.shell:create_environment_hook('car_control', 'pythonpath')
[3.396s] INFO:colcon.colcon_core.shell:Creating environment hook '/home/samugc/mobile_robotics_rpi4/install/car_control/share/car_control/hook/pythonpath.ps1'
[3.397s] INFO:colcon.colcon_core.shell:Creating environment descriptor '/home/samugc/mobile_robotics_rpi4/install/car_control/share/car_control/hook/pythonpath.dsv'
[3.398s] INFO:colcon.colcon_core.shell:Creating environment hook '/home/samugc/mobile_robotics_rpi4/install/car_control/share/car_control/hook/pythonpath.sh'
[3.399s] Level 1:colcon.colcon_core.environment:checking '/home/samugc/mobile_robotics_rpi4/install/car_control/bin'
[3.399s] Level 1:colcon.colcon_core.environment:create_environment_scripts_only(car_control)
[3.400s] INFO:colcon.colcon_core.shell:Creating package script '/home/samugc/mobile_robotics_rpi4/install/car_control/share/car_control/package.ps1'
[3.401s] INFO:colcon.colcon_core.shell:Creating package descriptor '/home/samugc/mobile_robotics_rpi4/install/car_control/share/car_control/package.dsv'
[3.402s] INFO:colcon.colcon_core.shell:Creating package script '/home/samugc/mobile_robotics_rpi4/install/car_control/share/car_control/package.sh'
[3.403s] INFO:colcon.colcon_core.shell:Creating package script '/home/samugc/mobile_robotics_rpi4/install/car_control/share/car_control/package.bash'
[3.404s] INFO:colcon.colcon_core.shell:Creating package script '/home/samugc/mobile_robotics_rpi4/install/car_control/share/car_control/package.zsh'
[3.405s] Level 1:colcon.colcon_core.environment:create_file_with_runtime_dependencies(/home/samugc/mobile_robotics_rpi4/install/car_control/share/colcon-core/packages/car_control)
[3.407s] Level 1:colcon.colcon_core.shell:create_environment_hook('gap_following', 'pythonpath_develop')
[3.408s] INFO:colcon.colcon_core.shell:Creating environment hook '/home/samugc/mobile_robotics_rpi4/build/gap_following/share/gap_following/hook/pythonpath_develop.ps1'
[3.408s] DEBUG:colcon.colcon_core.event_handler.log_command:Invoked command in '/home/samugc/mobile_robotics_rpi4/build/gap_following' returned '0': PYTHONPATH=/home/samugc/mobile_robotics_rpi4/build/gap_following/prefix_override:/usr/lib/python3/dist-packages/colcon_core/task/python/colcon_distutils_commands:/home/samugc/mobile_robotics_rpi4/install/gap_following/lib/python3.10/site-packages:${PYTHONPATH} /usr/bin/python3 -W ignore:setup.py install is deprecated -W ignore:easy_install command is deprecated setup.py develop --editable --build-directory /home/samugc/mobile_robotics_rpi4/build/gap_following/build --no-deps symlink_data
[3.409s] INFO:colcon.colcon_core.shell:Creating environment descriptor '/home/samugc/mobile_robotics_rpi4/build/gap_following/share/gap_following/hook/pythonpath_develop.dsv'
[3.410s] INFO:colcon.colcon_core.shell:Creating environment hook '/home/samugc/mobile_robotics_rpi4/build/gap_following/share/gap_following/hook/pythonpath_develop.sh'
[3.411s] Level 1:colcon.colcon_core.environment:checking '/home/samugc/mobile_robotics_rpi4/install/gap_following' for CMake module files
[3.412s] Level 1:colcon.colcon_core.environment:checking '/home/samugc/mobile_robotics_rpi4/install/gap_following' for CMake config files
[3.413s] Level 1:colcon.colcon_core.environment:checking '/home/samugc/mobile_robotics_rpi4/install/gap_following/lib'
[3.413s] Level 1:colcon.colcon_core.environment:checking '/home/samugc/mobile_robotics_rpi4/install/gap_following/bin'
[3.413s] Level 1:colcon.colcon_core.environment:checking '/home/samugc/mobile_robotics_rpi4/install/gap_following/lib/pkgconfig/gap_following.pc'
[3.413s] Level 1:colcon.colcon_core.environment:checking '/home/samugc/mobile_robotics_rpi4/install/gap_following/lib/python3.10/site-packages'
[3.414s] Level 1:colcon.colcon_core.shell:create_environment_hook('gap_following', 'pythonpath')
[3.414s] INFO:colcon.colcon_core.shell:Creating environment hook '/home/samugc/mobile_robotics_rpi4/install/gap_following/share/gap_following/hook/pythonpath.ps1'
[3.415s] INFO:colcon.colcon_core.shell:Creating environment descriptor '/home/samugc/mobile_robotics_rpi4/install/gap_following/share/gap_following/hook/pythonpath.dsv'
[3.416s] INFO:colcon.colcon_core.shell:Creating environment hook '/home/samugc/mobile_robotics_rpi4/install/gap_following/share/gap_following/hook/pythonpath.sh'
[3.417s] Level 1:colcon.colcon_core.environment:checking '/home/samugc/mobile_robotics_rpi4/install/gap_following/bin'
[3.417s] Level 1:colcon.colcon_core.environment:create_environment_scripts_only(gap_following)
[3.418s] INFO:colcon.colcon_core.shell:Creating package script '/home/samugc/mobile_robotics_rpi4/install/gap_following/share/gap_following/package.ps1'
[3.419s] INFO:colcon.colcon_core.shell:Creating package descriptor '/home/samugc/mobile_robotics_rpi4/install/gap_following/share/gap_following/package.dsv'
[3.420s] INFO:colcon.colcon_core.shell:Creating package script '/home/samugc/mobile_robotics_rpi4/install/gap_following/share/gap_following/package.sh'
[3.421s] INFO:colcon.colcon_core.shell:Creating package script '/home/samugc/mobile_robotics_rpi4/install/gap_following/share/gap_following/package.bash'
[3.422s] INFO:colcon.colcon_core.shell:Creating package script '/home/samugc/mobile_robotics_rpi4/install/gap_following/share/gap_following/package.zsh'
[3.423s] Level 1:colcon.colcon_core.environment:create_file_with_runtime_dependencies(/home/samugc/mobile_robotics_rpi4/install/gap_following/share/colcon-core/packages/gap_following)
[3.899s] Level 1:colcon.colcon_core.shell:create_environment_hook('wall_following', 'pythonpath_develop')
[3.900s] INFO:colcon.colcon_core.shell:Creating environment hook '/home/samugc/mobile_robotics_rpi4/build/wall_following/share/wall_following/hook/pythonpath_develop.ps1'
[3.900s] DEBUG:colcon.colcon_core.event_handler.log_command:Invoked command in '/home/samugc/mobile_robotics_rpi4/build/wall_following' returned '0': PYTHONPATH=/home/samugc/mobile_robotics_rpi4/build/wall_following/prefix_override:/usr/lib/python3/dist-packages/colcon_core/task/python/colcon_distutils_commands:/home/samugc/mobile_robotics_rpi4/install/wall_following/lib/python3.10/site-packages:${PYTHONPATH} /usr/bin/python3 -W ignore:setup.py install is deprecated -W ignore:easy_install command is deprecated setup.py develop --editable --build-directory /home/samugc/mobile_robotics_rpi4/build/wall_following/build --no-deps symlink_data
[3.901s] INFO:colcon.colcon_core.shell:Creating environment descriptor '/home/samugc/mobile_robotics_rpi4/build/wall_following/share/wall_following/hook/pythonpath_develop.dsv'
[3.901s] INFO:colcon.colcon_core.shell:Creating environment hook '/home/samugc/mobile_robotics_rpi4/build/wall_following/share/wall_following/hook/pythonpath_develop.sh'
[3.902s] Level 1:colcon.colcon_core.environment:checking '/home/samugc/mobile_robotics_rpi4/install/wall_following' for CMake module files
[3.903s] Level 1:colcon.colcon_core.environment:checking '/home/samugc/mobile_robotics_rpi4/install/wall_following' for CMake config files
[3.903s] Level 1:colcon.colcon_core.environment:checking '/home/samugc/mobile_robotics_rpi4/install/wall_following/lib'
[3.903s] Level 1:colcon.colcon_core.environment:checking '/home/samugc/mobile_robotics_rpi4/install/wall_following/bin'
[3.903s] Level 1:colcon.colcon_core.environment:checking '/home/samugc/mobile_robotics_rpi4/install/wall_following/lib/pkgconfig/wall_following.pc'
[3.904s] Level 1:colcon.colcon_core.environment:checking '/home/samugc/mobile_robotics_rpi4/install/wall_following/lib/python3.10/site-packages'
[3.904s] Level 1:colcon.colcon_core.shell:create_environment_hook('wall_following', 'pythonpath')
[3.904s] INFO:colcon.colcon_core.shell:Creating environment hook '/home/samugc/mobile_robotics_rpi4/install/wall_following/share/wall_following/hook/pythonpath.ps1'
[3.905s] INFO:colcon.colcon_core.shell:Creating environment descriptor '/home/samugc/mobile_robotics_rpi4/install/wall_following/share/wall_following/hook/pythonpath.dsv'
[3.905s] INFO:colcon.colcon_core.shell:Creating environment hook '/home/samugc/mobile_robotics_rpi4/install/wall_following/share/wall_following/hook/pythonpath.sh'
[3.906s] Level 1:colcon.colcon_core.environment:checking '/home/samugc/mobile_robotics_rpi4/install/wall_following/bin'
[3.906s] Level 1:colcon.colcon_core.environment:create_environment_scripts_only(wall_following)
[3.906s] INFO:colcon.colcon_core.shell:Creating package script '/home/samugc/mobile_robotics_rpi4/install/wall_following/share/wall_following/package.ps1'
[3.907s] INFO:colcon.colcon_core.shell:Creating package descriptor '/home/samugc/mobile_robotics_rpi4/install/wall_following/share/wall_following/package.dsv'
[3.908s] INFO:colcon.colcon_core.shell:Creating package script '/home/samugc/mobile_robotics_rpi4/install/wall_following/share/wall_following/package.sh'
[3.909s] INFO:colcon.colcon_core.shell:Creating package script '/home/samugc/mobile_robotics_rpi4/install/wall_following/share/wall_following/package.bash'
[3.909s] INFO:colcon.colcon_core.shell:Creating package script '/home/samugc/mobile_robotics_rpi4/install/wall_following/share/wall_following/package.zsh'
[3.910s] Level 1:colcon.colcon_core.environment:create_file_with_runtime_dependencies(/home/samugc/mobile_robotics_rpi4/install/wall_following/share/colcon-core/packages/wall_following)
[12.802s] DEBUG:colcon.colcon_core.event_handler.log_command:Invoked command in '/home/samugc/mobile_robotics_rpi4/build/mobile_robotics' returned '0': CMAKE_PREFIX_PATH=${CMAKE_PREFIX_PATH}:/home/samugc/Ros2-2025-01-mobile-robotics/install/joy_tester:/home/samugc/ros2_ws_2501/install/test_pkg:/home/samugc/ros2_ws_2501/install/ldr_pkg:/home/samugc/ros2_ws_2501/install/joy_tester:/home/samugc/ros2_ws/install/my_robot_controller:/opt/ros/humble /usr/bin/cmake --build /home/samugc/mobile_robotics_rpi4/build/mobile_robotics -- -j4 -l4
[12.806s] DEBUG:colcon.colcon_core.event_handler.log_command:Invoking command in '/home/samugc/mobile_robotics_rpi4/build/mobile_robotics': CMAKE_PREFIX_PATH=${CMAKE_PREFIX_PATH}:/home/samugc/Ros2-2025-01-mobile-robotics/install/joy_tester:/home/samugc/ros2_ws_2501/install/test_pkg:/home/samugc/ros2_ws_2501/install/ldr_pkg:/home/samugc/ros2_ws_2501/install/joy_tester:/home/samugc/ros2_ws/install/my_robot_controller:/opt/ros/humble /usr/bin/cmake --install /home/samugc/mobile_robotics_rpi4/build/mobile_robotics
[12.835s] Level 1:colcon.colcon_core.environment:create_environment_scripts_only(mobile_robotics)
[12.835s] Level 1:colcon.colcon_core.environment:checking '/home/samugc/mobile_robotics_rpi4/install/mobile_robotics' for CMake module files
[12.836s] DEBUG:colcon.colcon_core.event_handler.log_command:Invoked command in '/home/samugc/mobile_robotics_rpi4/build/mobile_robotics' returned '0': CMAKE_PREFIX_PATH=${CMAKE_PREFIX_PATH}:/home/samugc/Ros2-2025-01-mobile-robotics/install/joy_tester:/home/samugc/ros2_ws_2501/install/test_pkg:/home/samugc/ros2_ws_2501/install/ldr_pkg:/home/samugc/ros2_ws_2501/install/joy_tester:/home/samugc/ros2_ws/install/my_robot_controller:/opt/ros/humble /usr/bin/cmake --install /home/samugc/mobile_robotics_rpi4/build/mobile_robotics
[12.836s] Level 1:colcon.colcon_core.environment:checking '/home/samugc/mobile_robotics_rpi4/install/mobile_robotics' for CMake config files
[12.836s] Level 1:colcon.colcon_core.shell:create_environment_hook('mobile_robotics', 'cmake_prefix_path')
[12.837s] INFO:colcon.colcon_core.shell:Creating environment hook '/home/samugc/mobile_robotics_rpi4/install/mobile_robotics/share/mobile_robotics/hook/cmake_prefix_path.ps1'
[12.837s] INFO:colcon.colcon_core.shell:Creating environment descriptor '/home/samugc/mobile_robotics_rpi4/install/mobile_robotics/share/mobile_robotics/hook/cmake_prefix_path.dsv'
[12.838s] INFO:colcon.colcon_core.shell:Creating environment hook '/home/samugc/mobile_robotics_rpi4/install/mobile_robotics/share/mobile_robotics/hook/cmake_prefix_path.sh'
[12.838s] Level 1:colcon.colcon_core.environment:checking '/home/samugc/mobile_robotics_rpi4/install/mobile_robotics/lib'
[12.838s] Level 1:colcon.colcon_core.environment:checking '/home/samugc/mobile_robotics_rpi4/install/mobile_robotics/bin'
[12.838s] Level 1:colcon.colcon_core.environment:checking '/home/samugc/mobile_robotics_rpi4/install/mobile_robotics/lib/pkgconfig/mobile_robotics.pc'
[12.839s] Level 1:colcon.colcon_core.environment:checking '/home/samugc/mobile_robotics_rpi4/install/mobile_robotics/lib/python3.10/site-packages'
[12.839s] Level 1:colcon.colcon_core.environment:checking '/home/samugc/mobile_robotics_rpi4/install/mobile_robotics/bin'
[12.839s] INFO:colcon.colcon_core.shell:Creating package script '/home/samugc/mobile_robotics_rpi4/install/mobile_robotics/share/mobile_robotics/package.ps1'
[12.840s] INFO:colcon.colcon_core.shell:Creating package descriptor '/home/samugc/mobile_robotics_rpi4/install/mobile_robotics/share/mobile_robotics/package.dsv'
[12.840s] INFO:colcon.colcon_core.shell:Creating package script '/home/samugc/mobile_robotics_rpi4/install/mobile_robotics/share/mobile_robotics/package.sh'
[12.841s] INFO:colcon.colcon_core.shell:Creating package script '/home/samugc/mobile_robotics_rpi4/install/mobile_robotics/share/mobile_robotics/package.bash'
[12.841s] INFO:colcon.colcon_core.shell:Creating package script '/home/samugc/mobile_robotics_rpi4/install/mobile_robotics/share/mobile_robotics/package.zsh'
[12.841s] Level 1:colcon.colcon_core.environment:create_file_with_runtime_dependencies(/home/samugc/mobile_robotics_rpi4/install/mobile_robotics/share/colcon-core/packages/mobile_robotics)
[12.842s] Level 1:colcon.colcon_core.environment:create_environment_scripts_only(mobile_robotics)
[12.842s] Level 1:colcon.colcon_core.environment:checking '/home/samugc/mobile_robotics_rpi4/install/mobile_robotics' for CMake module files
[12.843s] Level 1:colcon.colcon_core.environment:checking '/home/samugc/mobile_robotics_rpi4/install/mobile_robotics' for CMake config files
[12.843s] Level 1:colcon.colcon_core.shell:create_environment_hook('mobile_robotics', 'cmake_prefix_path')
[12.843s] INFO:colcon.colcon_core.shell:Creating environment hook '/home/samugc/mobile_robotics_rpi4/install/mobile_robotics/share/mobile_robotics/hook/cmake_prefix_path.ps1'
[12.844s] INFO:colcon.colcon_core.shell:Creating environment descriptor '/home/samugc/mobile_robotics_rpi4/install/mobile_robotics/share/mobile_robotics/hook/cmake_prefix_path.dsv'
[12.844s] INFO:colcon.colcon_core.shell:Creating environment hook '/home/samugc/mobile_robotics_rpi4/install/mobile_robotics/share/mobile_robotics/hook/cmake_prefix_path.sh'
[12.845s] Level 1:colcon.colcon_core.environment:checking '/home/samugc/mobile_robotics_rpi4/install/mobile_robotics/lib'
[12.845s] Level 1:colcon.colcon_core.environment:checking '/home/samugc/mobile_robotics_rpi4/install/mobile_robotics/bin'
[12.845s] Level 1:colcon.colcon_core.environment:checking '/home/samugc/mobile_robotics_rpi4/install/mobile_robotics/lib/pkgconfig/mobile_robotics.pc'
[12.845s] Level 1:colcon.colcon_core.environment:checking '/home/samugc/mobile_robotics_rpi4/install/mobile_robotics/lib/python3.10/site-packages'
[12.846s] Level 1:colcon.colcon_core.environment:checking '/home/samugc/mobile_robotics_rpi4/install/mobile_robotics/bin'
[12.846s] INFO:colcon.colcon_core.shell:Creating package script '/home/samugc/mobile_robotics_rpi4/install/mobile_robotics/share/mobile_robotics/package.ps1'
[12.847s] INFO:colcon.colcon_core.shell:Creating package descriptor '/home/samugc/mobile_robotics_rpi4/install/mobile_robotics/share/mobile_robotics/package.dsv'
[12.847s] INFO:colcon.colcon_core.shell:Creating package script '/home/samugc/mobile_robotics_rpi4/install/mobile_robotics/share/mobile_robotics/package.sh'
[12.848s] INFO:colcon.colcon_core.shell:Creating package script '/home/samugc/mobile_robotics_rpi4/install/mobile_robotics/share/mobile_robotics/package.bash'
[12.848s] INFO:colcon.colcon_core.shell:Creating package script '/home/samugc/mobile_robotics_rpi4/install/mobile_robotics/share/mobile_robotics/package.zsh'
[12.849s] Level 1:colcon.colcon_core.environment:create_file_with_runtime_dependencies(/home/samugc/mobile_robotics_rpi4/install/mobile_robotics/share/colcon-core/packages/mobile_robotics)
[12.849s] DEBUG:colcon.colcon_parallel_executor.executor.parallel:closing loop
[12.850s] DEBUG:colcon.colcon_parallel_executor.executor.parallel:loop closed
[12.850s] DEBUG:colcon.colcon_parallel_executor.executor.parallel:run_until_complete finished with '0'
[12.850s] DEBUG:colcon.colcon_core.event_reactor:joining thread
[12.856s] INFO:colcon.colcon_core.plugin_system:Skipping extension 'colcon_notification.desktop_notification.terminal_notifier': Not used on non-Darwin systems
[12.856s] INFO:colcon.colcon_core.plugin_system:Skipping extension 'colcon_notification.desktop_notification.win32': Not used on non-Windows systems
[12.856s] INFO:colcon.colcon_notification.desktop_notification:Sending desktop notification using 'notify2'
[12.875s] DEBUG:colcon.colcon_core.event_reactor:joined thread
[12.876s] INFO:colcon.colcon_core.shell:Creating prefix script '/home/samugc/mobile_robotics_rpi4/install/local_setup.ps1'
[12.878s] INFO:colcon.colcon_core.shell:Creating prefix util module '/home/samugc/mobile_robotics_rpi4/install/_local_setup_util_ps1.py'
[12.880s] INFO:colcon.colcon_core.shell:Creating prefix chain script '/home/samugc/mobile_robotics_rpi4/install/setup.ps1'
[12.882s] INFO:colcon.colcon_core.shell:Creating prefix script '/home/samugc/mobile_robotics_rpi4/install/local_setup.sh'
[12.882s] INFO:colcon.colcon_core.shell:Creating prefix util module '/home/samugc/mobile_robotics_rpi4/install/_local_setup_util_sh.py'
[12.883s] INFO:colcon.colcon_core.shell:Creating prefix chain script '/home/samugc/mobile_robotics_rpi4/install/setup.sh'
[12.885s] INFO:colcon.colcon_core.shell:Creating prefix script '/home/samugc/mobile_robotics_rpi4/install/local_setup.bash'
[12.886s] INFO:colcon.colcon_core.shell:Creating prefix chain script '/home/samugc/mobile_robotics_rpi4/install/setup.bash'
[12.888s] INFO:colcon.colcon_core.shell:Creating prefix script '/home/samugc/mobile_robotics_rpi4/install/local_setup.zsh'
[12.888s] INFO:colcon.colcon_core.shell:Creating prefix chain script '/home/samugc/mobile_robotics_rpi4/install/setup.zsh'
