running develop
running egg_info
creating wall_following.egg-info
writing wall_following.egg-info/PKG-INFO
writing dependency_links to wall_following.egg-info/dependency_links.txt
writing entry points to wall_following.egg-info/entry_points.txt
writing requirements to wall_following.egg-info/requires.txt
writing top-level names to wall_following.egg-info/top_level.txt
writing manifest file 'wall_following.egg-info/SOURCES.txt'
reading manifest file 'wall_following.egg-info/SOURCES.txt'
writing manifest file 'wall_following.egg-info/SOURCES.txt'
running build_ext
Creating /home/samugc/mobile_robotics_rpi4/install/wall_following/lib/python3.10/site-packages/wall-following.egg-link (link to .)
Installing control_alpha script to /home/samugc/mobile_robotics_rpi4/install/wall_following/lib/wall_following
Installing dist_finder_alpha script to /home/samugc/mobile_robotics_rpi4/install/wall_following/lib/wall_following

Installed /home/samugc/mobile_robotics_rpi4/build/wall_following
running symlink_data
creating /home/samugc/mobile_robotics_rpi4/install/wall_following/share/ament_index
creating /home/samugc/mobile_robotics_rpi4/install/wall_following/share/ament_index/resource_index
creating /home/samugc/mobile_robotics_rpi4/install/wall_following/share/ament_index/resource_index/packages
symbolically linking /home/samugc/mobile_robotics_rpi4/build/wall_following/resource/wall_following -> /home/samugc/mobile_robotics_rpi4/install/wall_following/share/ament_index/resource_index/packages
symbolically linking /home/samugc/mobile_robotics_rpi4/build/wall_following/package.xml -> /home/samugc/mobile_robotics_rpi4/install/wall_following/share/wall_following
creating /home/samugc/mobile_robotics_rpi4/install/wall_following/share/wall_following/launch
symbolically linking /home/samugc/mobile_robotics_rpi4/build/wall_following/launch/wall_following_alpha.launch.py -> /home/samugc/mobile_robotics_rpi4/install/wall_following/share/wall_following/launch
