[1.929s] Invoking command in '/home/samugc/mobile_robotics_rpi4/build/wall_following': PYTHONPATH=/home/samugc/mobile_robotics_rpi4/build/wall_following/prefix_override:/usr/lib/python3/dist-packages/colcon_core/task/python/colcon_distutils_commands:/home/samugc/mobile_robotics_rpi4/install/wall_following/lib/python3.10/site-packages:${PYTHONPATH} /usr/bin/python3 -W ignore:setup.py install is deprecated -W ignore:easy_install command is deprecated setup.py develop --editable --build-directory /home/samugc/mobile_robotics_rpi4/build/wall_following/build --no-deps symlink_data
[3.688s] running develop
[4.507s] running egg_info
[4.507s] creating wall_following.egg-info
[4.507s] writing wall_following.egg-info/PKG-INFO
[4.507s] writing dependency_links to wall_following.egg-info/dependency_links.txt
[4.510s] writing entry points to wall_following.egg-info/entry_points.txt
[4.510s] writing requirements to wall_following.egg-info/requires.txt
[4.510s] writing top-level names to wall_following.egg-info/top_level.txt
[4.510s] writing manifest file 'wall_following.egg-info/SOURCES.txt'
[4.516s] reading manifest file 'wall_following.egg-info/SOURCES.txt'
[4.516s] writing manifest file 'wall_following.egg-info/SOURCES.txt'
[4.522s] running build_ext
[4.522s] Creating /home/samugc/mobile_robotics_rpi4/install/wall_following/lib/python3.10/site-packages/wall-following.egg-link (link to .)
[4.522s] Installing control_alpha script to /home/samugc/mobile_robotics_rpi4/install/wall_following/lib/wall_following
[4.522s] Installing dist_finder_alpha script to /home/samugc/mobile_robotics_rpi4/install/wall_following/lib/wall_following
[4.522s] 
[4.522s] Installed /home/samugc/mobile_robotics_rpi4/build/wall_following
[4.523s] running symlink_data
[4.523s] creating /home/samugc/mobile_robotics_rpi4/install/wall_following/share/ament_index
[4.523s] creating /home/samugc/mobile_robotics_rpi4/install/wall_following/share/ament_index/resource_index
[4.523s] creating /home/samugc/mobile_robotics_rpi4/install/wall_following/share/ament_index/resource_index/packages
[4.523s] symbolically linking /home/samugc/mobile_robotics_rpi4/build/wall_following/resource/wall_following -> /home/samugc/mobile_robotics_rpi4/install/wall_following/share/ament_index/resource_index/packages
[4.523s] symbolically linking /home/samugc/mobile_robotics_rpi4/build/wall_following/package.xml -> /home/samugc/mobile_robotics_rpi4/install/wall_following/share/wall_following
[4.523s] creating /home/samugc/mobile_robotics_rpi4/install/wall_following/share/wall_following/launch
[4.523s] symbolically linking /home/samugc/mobile_robotics_rpi4/build/wall_following/launch/wall_following_alpha.launch.py -> /home/samugc/mobile_robotics_rpi4/install/wall_following/share/wall_following/launch
[4.700s] Invoked command in '/home/samugc/mobile_robotics_rpi4/build/wall_following' returned '0': PYTHONPATH=/home/samugc/mobile_robotics_rpi4/build/wall_following/prefix_override:/usr/lib/python3/dist-packages/colcon_core/task/python/colcon_distutils_commands:/home/samugc/mobile_robotics_rpi4/install/wall_following/lib/python3.10/site-packages:${PYTHONPATH} /usr/bin/python3 -W ignore:setup.py install is deprecated -W ignore:easy_install command is deprecated setup.py develop --editable --build-directory /home/samugc/mobile_robotics_rpi4/build/wall_following/build --no-deps symlink_data
