-- The C compiler identification is GNU 11.4.0
-- The CXX compiler identification is GNU 11.4.0
-- Detecting C compiler ABI info
-- Detecting C compiler ABI info - done
-- Check for working C compiler: /usr/bin/cc - skipped
-- Detecting C compile features
-- Detecting C compile features - done
-- Detecting CXX compiler ABI info
-- Detecting CXX compiler ABI info - done
-- Check for working CXX compiler: /usr/bin/c++ - skipped
-- Detecting CXX compile features
-- Detecting CXX compile features - done
-- Found ament_cmake: 1.3.11 (/opt/ros/humble/share/ament_cmake/cmake)
-- Found Python3: /usr/bin/python3 (found version "3.10.12") found components: Interpreter 
-- Override CMake install command with custom implementation using symlinks instead of copying resources
-- Found rclcpp: 16.0.11 (/opt/ros/humble/share/rclcpp/cmake)
-- Found rosidl_generator_c: 3.1.6 (/opt/ros/humble/share/rosidl_generator_c/cmake)
-- Found rosidl_adapter: 3.1.6 (/opt/ros/humble/share/rosidl_adapter/cmake)
-- Found rosidl_generator_cpp: 3.1.6 (/opt/ros/humble/share/rosidl_generator_cpp/cmake)
-- Using all available rosidl_typesupport_c: rosidl_typesupport_fastrtps_c;rosidl_typesupport_introspection_c
-- Using all available rosidl_typesupport_cpp: rosidl_typesupport_fastrtps_cpp;rosidl_typesupport_introspection_cpp
-- Found rmw_implementation_cmake: 6.1.2 (/opt/ros/humble/share/rmw_implementation_cmake/cmake)
-- Found rmw_fastrtps_cpp: 6.2.7 (/opt/ros/humble/share/rmw_fastrtps_cpp/cmake)
-- Found OpenSSL: /usr/lib/x86_64-linux-gnu/libcrypto.so (found version "3.0.2")  
-- Found FastRTPS: /opt/ros/humble/include  
-- Using RMW implementation 'rmw_fastrtps_cpp' as default
-- Looking for pthread.h
-- Looking for pthread.h - found
-- Performing Test CMAKE_HAVE_LIBC_PTHREAD
-- Performing Test CMAKE_HAVE_LIBC_PTHREAD - Success
-- Found Threads: TRUE  
-- Found sensor_msgs: 4.2.4 (/opt/ros/humble/share/sensor_msgs/cmake)
-- Found ament_lint_auto: 0.12.11 (/opt/ros/humble/share/ament_lint_auto/cmake)
-- Added test 'cppcheck' to perform static code analysis on C / C++ code
-- Configured cppcheck include dirs: 
-- Configured cppcheck exclude dirs and/or files: 
-- Added test 'flake8' to check Python code syntax and style conventions
-- Added test 'lint_cmake' to check CMake code style
-- Added test 'pep257' to check Python code against some of the docstring style conventions in PEP 257
-- Added test 'uncrustify' to check C / C++ code style
-- Configured uncrustify additional arguments: 
-- Added test 'xmllint' to check XML markup files
-- Configuring done
-- Generating done
-- Build files have been written to: /home/samugc/mobile_robotics_rpi4/build/mobile_robotics
[ 25%] [32mBuilding CXX object CMakeFiles/AEBS_node.dir/src/AEBS_node.cpp.o[0m
[ 50%] [32mBuilding CXX object CMakeFiles/comand_joy.dir/src/comand_joy.cpp.o[0m
[ 75%] [32m[1mLinking CXX executable comand_joy[0m
[100%] [32m[1mLinking CXX executable AEBS_node[0m
[100%] Built target comand_joy
[100%] Built target AEBS_node
-- Install configuration: ""
-- Execute custom install script
-- Symlinking: /home/samugc/mobile_robotics_rpi4/install/mobile_robotics/lib/mobile_robotics/comand_joy
-- Symlinking: /home/samugc/mobile_robotics_rpi4/install/mobile_robotics/lib/mobile_robotics/AEBS_node
-- Symlinking: /home/samugc/mobile_robotics_rpi4/install/mobile_robotics/share/mobile_robotics//config/joystick.yaml
-- Symlinking: /home/samugc/mobile_robotics_rpi4/install/mobile_robotics/share/mobile_robotics//config/twist_mux2.yaml
-- Symlinking: /home/samugc/mobile_robotics_rpi4/install/mobile_robotics/share/mobile_robotics//launch/car_launch.launch.py
-- Symlinking: /home/samugc/mobile_robotics_rpi4/install/mobile_robotics/share/ament_index/resource_index/package_run_dependencies/mobile_robotics
-- Symlinking: /home/samugc/mobile_robotics_rpi4/install/mobile_robotics/share/ament_index/resource_index/parent_prefix_path/mobile_robotics
-- Symlinking: /home/samugc/mobile_robotics_rpi4/install/mobile_robotics/share/mobile_robotics/environment/ament_prefix_path.sh
-- Symlinking: /home/samugc/mobile_robotics_rpi4/install/mobile_robotics/share/mobile_robotics/environment/ament_prefix_path.dsv
-- Symlinking: /home/samugc/mobile_robotics_rpi4/install/mobile_robotics/share/mobile_robotics/environment/path.sh
-- Symlinking: /home/samugc/mobile_robotics_rpi4/install/mobile_robotics/share/mobile_robotics/environment/path.dsv
-- Symlinking: /home/samugc/mobile_robotics_rpi4/install/mobile_robotics/share/mobile_robotics/local_setup.bash
-- Symlinking: /home/samugc/mobile_robotics_rpi4/install/mobile_robotics/share/mobile_robotics/local_setup.sh
-- Symlinking: /home/samugc/mobile_robotics_rpi4/install/mobile_robotics/share/mobile_robotics/local_setup.zsh
-- Symlinking: /home/samugc/mobile_robotics_rpi4/install/mobile_robotics/share/mobile_robotics/local_setup.dsv
-- Symlinking: /home/samugc/mobile_robotics_rpi4/install/mobile_robotics/share/mobile_robotics/package.dsv
-- Symlinking: /home/samugc/mobile_robotics_rpi4/install/mobile_robotics/share/ament_index/resource_index/packages/mobile_robotics
-- Symlinking: /home/samugc/mobile_robotics_rpi4/install/mobile_robotics/share/mobile_robotics/cmake/mobile_roboticsConfig.cmake
-- Symlinking: /home/samugc/mobile_robotics_rpi4/install/mobile_robotics/share/mobile_robotics/cmake/mobile_roboticsConfig-version.cmake
-- Symlinking: /home/samugc/mobile_robotics_rpi4/install/mobile_robotics/share/mobile_robotics/package.xml
