[1.327s] Invoking command in '/home/samugc/mobile_robotics_rpi4/build/mobile_robotics': CMAKE_PREFIX_PATH=${CMAKE_PREFIX_PATH}:/home/samugc/Ros2-2025-01-mobile-robotics/install/joy_tester:/home/samugc/ros2_ws_2501/install/test_pkg:/home/samugc/ros2_ws_2501/install/ldr_pkg:/home/samugc/ros2_ws_2501/install/joy_tester:/home/samugc/ros2_ws/install/my_robot_controller:/opt/ros/humble /usr/bin/cmake /home/samugc/mobile_robotics_rpi4/mobile_robotics -DAMENT_CMAKE_SYMLINK_INSTALL=1 -DCMAKE_INSTALL_PREFIX=/home/samugc/mobile_robotics_rpi4/install/mobile_robotics
[1.734s] -- The C compiler identification is GNU 11.4.0
[2.037s] -- The CXX compiler identification is GNU 11.4.0
[2.064s] -- Detecting C compiler ABI info
[2.279s] -- Detecting C compiler ABI info - done
[2.325s] -- Check for working C compiler: /usr/bin/cc - skipped
[2.328s] -- Detecting C compile features
[2.328s] -- Detecting C compile features - done
[2.340s] -- Detecting CXX compiler ABI info
[2.556s] -- Detecting CXX compiler ABI info - done
[2.576s] -- Check for working CXX compiler: /usr/bin/c++ - skipped
[2.576s] -- Detecting CXX compile features
[2.578s] -- Detecting CXX compile features - done
[2.586s] -- Found ament_cmake: 1.3.11 (/opt/ros/humble/share/ament_cmake/cmake)
[3.093s] -- Found Python3: /usr/bin/python3 (found version "3.10.12") found components: Interpreter 
[3.401s] -- Override CMake install command with custom implementation using symlinks instead of copying resources
[3.589s] -- Found rclcpp: 16.0.11 (/opt/ros/humble/share/rclcpp/cmake)
[3.792s] -- Found rosidl_generator_c: 3.1.6 (/opt/ros/humble/share/rosidl_generator_c/cmake)
[3.815s] -- Found rosidl_adapter: 3.1.6 (/opt/ros/humble/share/rosidl_adapter/cmake)
[3.859s] -- Found rosidl_generator_cpp: 3.1.6 (/opt/ros/humble/share/rosidl_generator_cpp/cmake)
[3.929s] -- Using all available rosidl_typesupport_c: rosidl_typesupport_fastrtps_c;rosidl_typesupport_introspection_c
[4.029s] -- Using all available rosidl_typesupport_cpp: rosidl_typesupport_fastrtps_cpp;rosidl_typesupport_introspection_cpp
[4.254s] -- Found rmw_implementation_cmake: 6.1.2 (/opt/ros/humble/share/rmw_implementation_cmake/cmake)
[4.266s] -- Found rmw_fastrtps_cpp: 6.2.7 (/opt/ros/humble/share/rmw_fastrtps_cpp/cmake)
[4.536s] -- Found OpenSSL: /usr/lib/x86_64-linux-gnu/libcrypto.so (found version "3.0.2")  
[4.617s] -- Found FastRTPS: /opt/ros/humble/include  
[4.698s] -- Using RMW implementation 'rmw_fastrtps_cpp' as default
[4.726s] -- Looking for pthread.h
[4.874s] -- Looking for pthread.h - found
[4.876s] -- Performing Test CMAKE_HAVE_LIBC_PTHREAD
[5.033s] -- Performing Test CMAKE_HAVE_LIBC_PTHREAD - Success
[5.037s] -- Found Threads: TRUE  
[5.351s] -- Found sensor_msgs: 4.2.4 (/opt/ros/humble/share/sensor_msgs/cmake)
[5.527s] -- Found ament_lint_auto: 0.12.11 (/opt/ros/humble/share/ament_lint_auto/cmake)
[5.831s] -- Added test 'cppcheck' to perform static code analysis on C / C++ code
[5.831s] -- Configured cppcheck include dirs: 
[5.832s] -- Configured cppcheck exclude dirs and/or files: 
[5.835s] -- Added test 'flake8' to check Python code syntax and style conventions
[5.840s] -- Added test 'lint_cmake' to check CMake code style
[5.842s] -- Added test 'pep257' to check Python code against some of the docstring style conventions in PEP 257
[5.849s] -- Added test 'uncrustify' to check C / C++ code style
[5.849s] -- Configured uncrustify additional arguments: 
[5.851s] -- Added test 'xmllint' to check XML markup files
[5.859s] -- Configuring done
[5.885s] -- Generating done
[5.895s] -- Build files have been written to: /home/samugc/mobile_robotics_rpi4/build/mobile_robotics
[5.927s] Invoked command in '/home/samugc/mobile_robotics_rpi4/build/mobile_robotics' returned '0': CMAKE_PREFIX_PATH=${CMAKE_PREFIX_PATH}:/home/samugc/Ros2-2025-01-mobile-robotics/install/joy_tester:/home/samugc/ros2_ws_2501/install/test_pkg:/home/samugc/ros2_ws_2501/install/ldr_pkg:/home/samugc/ros2_ws_2501/install/joy_tester:/home/samugc/ros2_ws/install/my_robot_controller:/opt/ros/humble /usr/bin/cmake /home/samugc/mobile_robotics_rpi4/mobile_robotics -DAMENT_CMAKE_SYMLINK_INSTALL=1 -DCMAKE_INSTALL_PREFIX=/home/samugc/mobile_robotics_rpi4/install/mobile_robotics
[5.931s] Invoking command in '/home/samugc/mobile_robotics_rpi4/build/mobile_robotics': CMAKE_PREFIX_PATH=${CMAKE_PREFIX_PATH}:/home/samugc/Ros2-2025-01-mobile-robotics/install/joy_tester:/home/samugc/ros2_ws_2501/install/test_pkg:/home/samugc/ros2_ws_2501/install/ldr_pkg:/home/samugc/ros2_ws_2501/install/joy_tester:/home/samugc/ros2_ws/install/my_robot_controller:/opt/ros/humble /usr/bin/cmake --build /home/samugc/mobile_robotics_rpi4/build/mobile_robotics -- -j4 -l4
[6.104s] [ 25%] [32mBuilding CXX object CMakeFiles/AEBS_node.dir/src/AEBS_node.cpp.o[0m
[6.133s] [ 50%] [32mBuilding CXX object CMakeFiles/comand_joy.dir/src/comand_joy.cpp.o[0m
[36.187s] [ 75%] [32m[1mLinking CXX executable comand_joy[0m
[37.088s] [100%] [32m[1mLinking CXX executable AEBS_node[0m
[37.762s] [100%] Built target comand_joy
[38.305s] [100%] Built target AEBS_node
[38.332s] Invoked command in '/home/samugc/mobile_robotics_rpi4/build/mobile_robotics' returned '0': CMAKE_PREFIX_PATH=${CMAKE_PREFIX_PATH}:/home/samugc/Ros2-2025-01-mobile-robotics/install/joy_tester:/home/samugc/ros2_ws_2501/install/test_pkg:/home/samugc/ros2_ws_2501/install/ldr_pkg:/home/samugc/ros2_ws_2501/install/joy_tester:/home/samugc/ros2_ws/install/my_robot_controller:/opt/ros/humble /usr/bin/cmake --build /home/samugc/mobile_robotics_rpi4/build/mobile_robotics -- -j4 -l4
[38.347s] Invoking command in '/home/samugc/mobile_robotics_rpi4/build/mobile_robotics': CMAKE_PREFIX_PATH=${CMAKE_PREFIX_PATH}:/home/samugc/Ros2-2025-01-mobile-robotics/install/joy_tester:/home/samugc/ros2_ws_2501/install/test_pkg:/home/samugc/ros2_ws_2501/install/ldr_pkg:/home/samugc/ros2_ws_2501/install/joy_tester:/home/samugc/ros2_ws/install/my_robot_controller:/opt/ros/humble /usr/bin/cmake --install /home/samugc/mobile_robotics_rpi4/build/mobile_robotics
[38.365s] -- Install configuration: ""
[38.365s] -- Execute custom install script
[38.365s] -- Symlinking: /home/samugc/mobile_robotics_rpi4/install/mobile_robotics/lib/mobile_robotics/comand_joy
[38.381s] -- Symlinking: /home/samugc/mobile_robotics_rpi4/install/mobile_robotics/lib/mobile_robotics/AEBS_node
[38.397s] -- Symlinking: /home/samugc/mobile_robotics_rpi4/install/mobile_robotics/share/mobile_robotics//config/joystick.yaml
[38.412s] -- Symlinking: /home/samugc/mobile_robotics_rpi4/install/mobile_robotics/share/mobile_robotics//config/twist_mux2.yaml
[38.430s] -- Symlinking: /home/samugc/mobile_robotics_rpi4/install/mobile_robotics/share/mobile_robotics//launch/car_launch.launch.py
[38.447s] -- Symlinking: /home/samugc/mobile_robotics_rpi4/install/mobile_robotics/share/ament_index/resource_index/package_run_dependencies/mobile_robotics
[38.464s] -- Symlinking: /home/samugc/mobile_robotics_rpi4/install/mobile_robotics/share/ament_index/resource_index/parent_prefix_path/mobile_robotics
[38.480s] -- Symlinking: /home/samugc/mobile_robotics_rpi4/install/mobile_robotics/share/mobile_robotics/environment/ament_prefix_path.sh
[38.496s] -- Symlinking: /home/samugc/mobile_robotics_rpi4/install/mobile_robotics/share/mobile_robotics/environment/ament_prefix_path.dsv
[38.511s] -- Symlinking: /home/samugc/mobile_robotics_rpi4/install/mobile_robotics/share/mobile_robotics/environment/path.sh
[38.528s] -- Symlinking: /home/samugc/mobile_robotics_rpi4/install/mobile_robotics/share/mobile_robotics/environment/path.dsv
[38.544s] -- Symlinking: /home/samugc/mobile_robotics_rpi4/install/mobile_robotics/share/mobile_robotics/local_setup.bash
[38.561s] -- Symlinking: /home/samugc/mobile_robotics_rpi4/install/mobile_robotics/share/mobile_robotics/local_setup.sh
[38.592s] -- Symlinking: /home/samugc/mobile_robotics_rpi4/install/mobile_robotics/share/mobile_robotics/local_setup.zsh
[38.605s] -- Symlinking: /home/samugc/mobile_robotics_rpi4/install/mobile_robotics/share/mobile_robotics/local_setup.dsv
[38.627s] -- Symlinking: /home/samugc/mobile_robotics_rpi4/install/mobile_robotics/share/mobile_robotics/package.dsv
[38.641s] -- Symlinking: /home/samugc/mobile_robotics_rpi4/install/mobile_robotics/share/ament_index/resource_index/packages/mobile_robotics
[38.658s] -- Symlinking: /home/samugc/mobile_robotics_rpi4/install/mobile_robotics/share/mobile_robotics/cmake/mobile_roboticsConfig.cmake
[38.674s] -- Symlinking: /home/samugc/mobile_robotics_rpi4/install/mobile_robotics/share/mobile_robotics/cmake/mobile_roboticsConfig-version.cmake
[38.690s] -- Symlinking: /home/samugc/mobile_robotics_rpi4/install/mobile_robotics/share/mobile_robotics/package.xml
[38.714s] Invoked command in '/home/samugc/mobile_robotics_rpi4/build/mobile_robotics' returned '0': CMAKE_PREFIX_PATH=${CMAKE_PREFIX_PATH}:/home/samugc/Ros2-2025-01-mobile-robotics/install/joy_tester:/home/samugc/ros2_ws_2501/install/test_pkg:/home/samugc/ros2_ws_2501/install/ldr_pkg:/home/samugc/ros2_ws_2501/install/joy_tester:/home/samugc/ros2_ws/install/my_robot_controller:/opt/ros/humble /usr/bin/cmake --install /home/samugc/mobile_robotics_rpi4/build/mobile_robotics
