running develop
running egg_info
creating car_control.egg-info
writing car_control.egg-info/PKG-INFO
writing dependency_links to car_control.egg-info/dependency_links.txt
writing entry points to car_control.egg-info/entry_points.txt
writing requirements to car_control.egg-info/requires.txt
writing top-level names to car_control.egg-info/top_level.txt
writing manifest file 'car_control.egg-info/SOURCES.txt'
reading manifest file 'car_control.egg-info/SOURCES.txt'
writing manifest file 'car_control.egg-info/SOURCES.txt'
running build_ext
Creating /home/samugc/mobile_robotics_rpi4/install/car_control/lib/python3.10/site-packages/car-control.egg-link (link to .)
Installing car_control script to /home/samugc/mobile_robotics_rpi4/install/car_control/lib/car_control

Installed /home/samugc/mobile_robotics_rpi4/build/car_control
running symlink_data
creating /home/samugc/mobile_robotics_rpi4/install/car_control/share/ament_index
creating /home/samugc/mobile_robotics_rpi4/install/car_control/share/ament_index/resource_index
creating /home/samugc/mobile_robotics_rpi4/install/car_control/share/ament_index/resource_index/packages
symbolically linking /home/samugc/mobile_robotics_rpi4/build/car_control/resource/car_control -> /home/samugc/mobile_robotics_rpi4/install/car_control/share/ament_index/resource_index/packages
symbolically linking /home/samugc/mobile_robotics_rpi4/build/car_control/package.xml -> /home/samugc/mobile_robotics_rpi4/install/car_control/share/car_control
