[2.795s] Invoking command in '/home/samugc/mobile_robotics_rpi4/build/car_control': PYTHONPATH=/home/samugc/mobile_robotics_rpi4/build/car_control/prefix_override:/usr/lib/python3/dist-packages/colcon_core/task/python/colcon_distutils_commands:/home/samugc/mobile_robotics_rpi4/install/car_control/lib/python3.10/site-packages:${PYTHONPATH} /usr/bin/python3 -W ignore:setup.py install is deprecated -W ignore:easy_install command is deprecated setup.py develop --editable --build-directory /home/samugc/mobile_robotics_rpi4/build/car_control/build --no-deps symlink_data
[3.852s] running develop
[4.331s] running egg_info
[4.332s] creating car_control.egg-info
[4.332s] writing car_control.egg-info/PKG-INFO
[4.332s] writing dependency_links to car_control.egg-info/dependency_links.txt
[4.333s] writing entry points to car_control.egg-info/entry_points.txt
[4.333s] writing requirements to car_control.egg-info/requires.txt
[4.333s] writing top-level names to car_control.egg-info/top_level.txt
[4.333s] writing manifest file 'car_control.egg-info/SOURCES.txt'
[4.336s] reading manifest file 'car_control.egg-info/SOURCES.txt'
[4.338s] writing manifest file 'car_control.egg-info/SOURCES.txt'
[4.342s] running build_ext
[4.343s] Creating /home/samugc/mobile_robotics_rpi4/install/car_control/lib/python3.10/site-packages/car-control.egg-link (link to .)
[4.346s] Installing car_control script to /home/samugc/mobile_robotics_rpi4/install/car_control/lib/car_control
[4.347s] 
[4.347s] Installed /home/samugc/mobile_robotics_rpi4/build/car_control
[4.348s] running symlink_data
[4.348s] creating /home/samugc/mobile_robotics_rpi4/install/car_control/share/ament_index
[4.349s] creating /home/samugc/mobile_robotics_rpi4/install/car_control/share/ament_index/resource_index
[4.349s] creating /home/samugc/mobile_robotics_rpi4/install/car_control/share/ament_index/resource_index/packages
[4.350s] symbolically linking /home/samugc/mobile_robotics_rpi4/build/car_control/resource/car_control -> /home/samugc/mobile_robotics_rpi4/install/car_control/share/ament_index/resource_index/packages
[4.352s] symbolically linking /home/samugc/mobile_robotics_rpi4/build/car_control/package.xml -> /home/samugc/mobile_robotics_rpi4/install/car_control/share/car_control
[4.489s] Invoked command in '/home/samugc/mobile_robotics_rpi4/build/car_control' returned '0': PYTHONPATH=/home/samugc/mobile_robotics_rpi4/build/car_control/prefix_override:/usr/lib/python3/dist-packages/colcon_core/task/python/colcon_distutils_commands:/home/samugc/mobile_robotics_rpi4/install/car_control/lib/python3.10/site-packages:${PYTHONPATH} /usr/bin/python3 -W ignore:setup.py install is deprecated -W ignore:easy_install command is deprecated setup.py develop --editable --build-directory /home/samugc/mobile_robotics_rpi4/build/car_control/build --no-deps symlink_data
